"../../../Engine/Content/VREditor/LaserPointer/VR_LaserPower_01.uasset" 0
"../../../Engine/Content/VREditor/TransformGizmo/TransformGizmoMaterial.uasset" 1
"../../../Engine/Content/VREditor/LaserPointer/HoverMaterial.uasset" 2
"../../../Engine/Content/Functions/Engine_MaterialFunctions01/Opacity/CameraDepthFade.uasset" 3
"../../../Engine/Content/EngineMaterials/T_Default_Material_Grid_M.uasset" 4
"../../../Engine/Content/EngineMaterials/T_Default_Material_Grid_N.uasset" 5
"../../../Engine/Content/EngineMaterials/DefaultMaterial.uasset" 6
"../../../Engine/Content/BasicShapes/Cylinder.uasset" 7
"../../../../../Projects/Github/Asteroids_a_la_Mode/Asteroids_A_La_Mode/Content/Enemy/AlienProjectile.uasset" 8
"../../../../../Projects/Github/Asteroids_a_la_Mode/Asteroids_A_La_Mode/Content/Enemy/Textures/ufo_diffuse.uasset" 9
"../../../../../Projects/Github/Asteroids_a_la_Mode/Asteroids_A_La_Mode/Content/Enemy/Materials/UFO_texture.uasset" 10
"../../../../../Projects/Github/Asteroids_a_la_Mode/Asteroids_A_La_Mode/Content/Enemy/Textures/ufo_diffuse2.uasset" 11
"../../../../../Projects/Github/Asteroids_a_la_Mode/Asteroids_A_La_Mode/Content/Enemy/Materials/UFO_texture2.uasset" 12
"../../../../../Projects/Github/Asteroids_a_la_Mode/Asteroids_A_La_Mode/Content/Enemy/Mesh/Low_poly_UFO_UFO_body.uasset" 13
"../../../../../Projects/Github/Asteroids_a_la_Mode/Asteroids_A_La_Mode/Content/Enemy/Mesh/Low_poly_UFO_UFO_cockpit.uasset" 14
"../../../../../Projects/Github/Asteroids_a_la_Mode/Asteroids_A_La_Mode/Content/Enemy/Alien_Small.uasset" 15
"../../../Engine/Content/EditorBlueprintResources/ActorMacros.uasset" 16
"../../../../../Projects/Github/Asteroids_a_la_Mode/Asteroids_A_La_Mode/Content/Enemy/Alien.uasset" 17
"../../../Engine/Content/EditorBlueprintResources/StandardMacros.uasset" 18
"../../../../../Projects/Github/Asteroids_a_la_Mode/Asteroids_A_La_Mode/Content/Player/SaveObj.uasset" 19
"../../../../../Projects/Github/Asteroids_a_la_Mode/Asteroids_A_La_Mode/Content/Modes/Debug/DStates.uasset" 20
"../../../../../Projects/Github/Asteroids_a_la_Mode/Asteroids_A_La_Mode/Content/Modes/Debug/DebugInstance.uasset" 21
"../../../../../Projects/Github/Asteroids_a_la_Mode/Asteroids_A_La_Mode/Content/Player/PState.uasset" 22
"../../../../../Projects/Github/Asteroids_a_la_Mode/Asteroids_A_La_Mode/Content/Player/PlyrState.uasset" 23
"../../../../../Projects/Github/Asteroids_a_la_Mode/Asteroids_A_La_Mode/Content/_Imported/Fonts/Hyperspace.uasset" 24
"../../../../../Projects/Github/Asteroids_a_la_Mode/Asteroids_A_La_Mode/Content/_Imported/Fonts/Hyperspace_Font.uasset" 25
"../../../../../Projects/Github/Asteroids_a_la_Mode/Asteroids_A_La_Mode/Content/UserInterface/Assets/TextureRenderTarget.uasset" 26
"../../../../../Projects/Github/Asteroids_a_la_Mode/Asteroids_A_La_Mode/Content/UserInterface/Assets/CapturedMat.uasset" 27
"../../../../../Projects/Github/Asteroids_a_la_Mode/Asteroids_A_La_Mode/Content/UserInterface/Dev_Test/InGameHud.uasset" 28
"../../../../../Projects/Github/Asteroids_a_la_Mode/Asteroids_A_La_Mode/Content/_Imported/Fonts/Hyperspace_Bold.uasset" 29
"../../../../../Projects/Github/Asteroids_a_la_Mode/Asteroids_A_La_Mode/Content/_Imported/Fonts/Hyperspace_Bold_Font.uasset" 30
"../../../../../Projects/Github/Asteroids_a_la_Mode/Asteroids_A_La_Mode/Content/UserInterface/Dev_Test/LevelStart_Widget.uasset" 31
"../../../../../Projects/Github/Asteroids_a_la_Mode/Asteroids_A_La_Mode/Content/UserInterface/MainScreen/ECoOpSel.uasset" 32
"../../../../../Projects/Github/Asteroids_a_la_Mode/Asteroids_A_La_Mode/Content/UserInterface/MenuBase.uasset" 33
"../../../../../Projects/Github/Asteroids_a_la_Mode/Asteroids_A_La_Mode/Content/UserInterface/MainScreen/EServerSel.uasset" 34
"../../../../../Projects/Github/Asteroids_a_la_Mode/Asteroids_A_La_Mode/Content/UserInterface/MainScreen/ServerRow.uasset" 35
"../../../../../Projects/Github/Asteroids_a_la_Mode/Asteroids_A_La_Mode/Content/UserInterface/MainScreen/ServerList.uasset" 36
"../../../../../Projects/Github/Asteroids_a_la_Mode/Asteroids_A_La_Mode/Content/UserInterface/MainScreen/Coop.uasset" 37
"../../../../../Projects/Github/Asteroids_a_la_Mode/Asteroids_A_La_Mode/Content/UserInterface/MainScreen/EMenSel.uasset" 38
"../../../../../Projects/Github/Asteroids_a_la_Mode/Asteroids_A_La_Mode/Content/UserInterface/MainScreen/EOptionSel.uasset" 39
"../../../../../Projects/Github/Asteroids_a_la_Mode/Asteroids_A_La_Mode/Content/UserInterface/MainScreen/Options.uasset" 40
"../../../../../Projects/Github/Asteroids_a_la_Mode/Asteroids_A_La_Mode/Content/UserInterface/MainScreen/MainScreen.uasset" 41
"../../../../../Projects/Github/Asteroids_a_la_Mode/Asteroids_A_La_Mode/Content/Player/PlayerC_Regular.uasset" 42
"../../../../../Projects/Github/Asteroids_a_la_Mode/Asteroids_A_La_Mode/Content/Modes/Debug/DebugState.uasset" 43
"../../../../../Projects/Github/Asteroids_a_la_Mode/Asteroids_A_La_Mode/Content/Obstacles/Assets/Asteroid_Strike.uasset" 44
"../../../../../Projects/Github/Asteroids_a_la_Mode/Asteroids_A_La_Mode/Content/Obstacles/Assets/Asteroid_Strike_DISP.uasset" 45
"../../../../../Projects/Github/Asteroids_a_la_Mode/Asteroids_A_La_Mode/Content/Obstacles/Assets/Asteroid_Strike_NRM.uasset" 46
"../../../../../Projects/Github/Asteroids_a_la_Mode/Asteroids_A_La_Mode/Content/Obstacles/Assets/Asteroid_Strike_OCC.uasset" 47
"../../../../../Projects/Github/Asteroids_a_la_Mode/Asteroids_A_La_Mode/Content/Obstacles/Assets/Asteroid_Strike_SPEC.uasset" 48
"../../../../../Projects/Github/Asteroids_a_la_Mode/Asteroids_A_La_Mode/Content/Obstacles/Assets/AsteroidMat.uasset" 49
"../../../Engine/Content/EngineMaterials/WorldGridMaterial.uasset" 50
"../../../../../Projects/Github/Asteroids_a_la_Mode/Asteroids_A_La_Mode/Content/Obstacles/Assets/smallasteroid.uasset" 51
"../../../../../Projects/Github/Asteroids_a_la_Mode/Asteroids_A_La_Mode/Content/Obstacles/Asteroid_Small.uasset" 52
"../../../../../Projects/Github/Asteroids_a_la_Mode/Asteroids_A_La_Mode/Content/Obstacles/Assets/mediumasteroid.uasset" 53
"../../../../../Projects/Github/Asteroids_a_la_Mode/Asteroids_A_La_Mode/Content/Obstacles/Asteroid_Medium.uasset" 54
"../../../../../Projects/Github/Asteroids_a_la_Mode/Asteroids_A_La_Mode/Content/Player/MenuPawn.uasset" 55
"../../../Engine/Content/MapTemplates/Materials/BasicAsset01.uasset" 56
"../../../../../Projects/Github/Asteroids_a_la_Mode/Asteroids_A_La_Mode/Content/Ship/BP_Projectile.uasset" 57
"../../../Engine/Content/EngineMaterials/DefaultWhiteGrid.uasset" 58
"../../../../../Projects/Github/Asteroids_a_la_Mode/Asteroids_A_La_Mode/Content/Ship/Material/ShipMat.uasset" 59
"../../../Engine/Content/EngineMaterials/OrientParticle.uasset" 60
"../../../Engine/Content/EngineMaterials/DefaultParticle.uasset" 61
"../../../Engine/Content/Functions/Engine_MaterialFunctions02/Texturing/ScreenAlignedPixelToPixelUVs.uasset" 62
"../../../Engine/Content/EngineMaterials/Good64x64TilingNoiseHighFreq.uasset" 63
"../../../Engine/Content/Functions/Engine_MaterialFunctions02/Utility/DitherTemporalAA.uasset" 64
"../../../Engine/Content/Functions/Engine_MaterialFunctions02/Utility/Swizzle.uasset" 65
"../../../../../Projects/Github/Asteroids_a_la_Mode/Asteroids_A_La_Mode/Content/_Imported/ParagonHowitzer/FX/Materials/Functions/MF_DitheredRefraction.uasset" 66
"../../../../../Projects/Github/Asteroids_a_la_Mode/Asteroids_A_La_Mode/Content/_Imported/ParagonHowitzer/FX/Materials/Functions/MF_FX_EmissiveModulate.uasset" 67
"../../../../../Projects/Github/Asteroids_a_la_Mode/Asteroids_A_La_Mode/Content/_Imported/ParagonHowitzer/FX/Materials/Functions/MF_Tile_Isolate_XY.uasset" 68
"../../../../../Projects/Github/Asteroids_a_la_Mode/Asteroids_A_La_Mode/Content/_Imported/ParagonHowitzer/FX/Textures/Masks/T_EngineFlameMask.uasset" 69
"../../../../../Projects/Github/Asteroids_a_la_Mode/Asteroids_A_La_Mode/Content/_Imported/ParagonHowitzer/FX/Textures/Masks/T_EngineFlameMechMask.uasset" 70
"../../../../../Projects/Github/Asteroids_a_la_Mode/Asteroids_A_La_Mode/Content/_Imported/ParagonHowitzer/FX/Textures/Masks/T_SmokeTrailCoord1_Mask.uasset" 71
"../../../../../Projects/Github/Asteroids_a_la_Mode/Asteroids_A_La_Mode/Content/_Imported/ParagonHowitzer/FX/Textures/Tile/Heat/T_HeatTile_N.uasset" 72
"../../../../../Projects/Github/Asteroids_a_la_Mode/Asteroids_A_La_Mode/Content/_Imported/ParagonHowitzer/FX/Textures/Tile/T_noise_flamy_Tile_SPEC.uasset" 73
"../../../../../Projects/Github/Asteroids_a_la_Mode/Asteroids_A_La_Mode/Content/_Imported/ParagonHowitzer/FX/Materials/Fire/JetFlames/M_Jets_Base_01.uasset" 74
"../../../../../Projects/Github/Asteroids_a_la_Mode/Asteroids_A_La_Mode/Content/_Imported/ParagonHowitzer/FX/Textures/Masks/T_Radial_Gradient_Invert.uasset" 75
"../../../../../Projects/Github/Asteroids_a_la_Mode/Asteroids_A_La_Mode/Content/_Imported/ParagonHowitzer/FX/Materials/Fire/JetFlames/M_Jets_Core.uasset" 76
"../../../Engine/Content/Functions/Engine_MaterialFunctions02/Utility/BreakOutFloat2Components.uasset" 77
"../../../Engine/Content/Functions/Engine_MaterialFunctions01/Texturing/ScaleUVsByCenter.uasset" 78
"../../../../../Projects/Github/Asteroids_a_la_Mode/Asteroids_A_La_Mode/Content/_Imported/ParagonHowitzer/FX/Textures/Tile/T_AtmosphericCloudNoise03.uasset" 79
"../../../../../Projects/Github/Asteroids_a_la_Mode/Asteroids_A_La_Mode/Content/_Imported/ParagonHowitzer/FX/Materials/HeatDistort/M_ParticleHeatDistortion.uasset" 80
"../../../../../Projects/Github/Asteroids_a_la_Mode/Asteroids_A_La_Mode/Content/_Imported/ParagonHowitzer/FX/Textures/Sparks/T_Spark_Soft.uasset" 81
"../../../../../Projects/Github/Asteroids_a_la_Mode/Asteroids_A_La_Mode/Content/_Imported/ParagonHowitzer/FX/Materials/Sparks/M_Hotdog_Spark_VLerp_Rand_Master.uasset" 82
"../../../Engine/Content/Functions/Engine_MaterialFunctions02/WorldPositionOffset/CameraOffset.uasset" 83
"../../../../../Projects/Github/Asteroids_a_la_Mode/Asteroids_A_La_Mode/Content/_Imported/ParagonHowitzer/FX/Textures/Environment/Snow/T_Snow01_Packed.uasset" 84
"../../../../../Projects/Github/Asteroids_a_la_Mode/Asteroids_A_La_Mode/Content/_Imported/ParagonHowitzer/FX/Textures/Tile/T_TilingNoise12.uasset" 85
"../../../../../Projects/Github/Asteroids_a_la_Mode/Asteroids_A_La_Mode/Content/_Imported/ParagonHowitzer/FX/Materials/Sparks/M_Spark_VelocityLerp.uasset" 86
"../../../../../Projects/Github/Asteroids_a_la_Mode/Asteroids_A_La_Mode/Content/_Imported/ParagonHowitzer/FX/Meshes/Fire/JetFlames/SM_Jets_Core.uasset" 87
"../../../../../Projects/Github/Asteroids_a_la_Mode/Asteroids_A_La_Mode/Content/_Imported/ParagonHowitzer/FX/Meshes/Fire/JetFlames/SM_Jets_Inner.uasset" 88
"../../../../../Projects/Github/Asteroids_a_la_Mode/Asteroids_A_La_Mode/Content/_Imported/ParagonHowitzer/FX/Particles/Abilities/Mobility/FX/P_HB_Mobility_TravelMode_FootJets.uasset" 89
"../../../../../Projects/Github/Asteroids_a_la_Mode/Asteroids_A_La_Mode/Content/Ship/Material/default.uasset" 90
"../../../../../Projects/Github/Asteroids_a_la_Mode/Asteroids_A_La_Mode/Content/Ship/Material/default_body1.uasset" 91
"../../../../../Projects/Github/Asteroids_a_la_Mode/Asteroids_A_La_Mode/Content/Ship/Material/default_dome.uasset" 92
"../../../../../Projects/Github/Asteroids_a_la_Mode/Asteroids_A_La_Mode/Content/Ship/Material/default_propulsion.uasset" 93
"../../../../../Projects/Github/Asteroids_a_la_Mode/Asteroids_A_La_Mode/Content/Ship/Material/default_red_light.uasset" 94
"../../../../../Projects/Github/Asteroids_a_la_Mode/Asteroids_A_La_Mode/Content/Ship/Material/default_side_p.uasset" 95
"../../../../../Projects/Github/Asteroids_a_la_Mode/Asteroids_A_La_Mode/Content/Ship/Texture/c5b.uasset" 96
"../../../../../Projects/Github/Asteroids_a_la_Mode/Asteroids_A_La_Mode/Content/Ship/Material/default_TR-3B.uasset" 97
"../../../../../Projects/Github/Asteroids_a_la_Mode/Asteroids_A_La_Mode/Content/Ship/Mesh/TR-3B_III.uasset" 98
"../../../../../Projects/Github/Asteroids_a_la_Mode/Asteroids_A_La_Mode/Content/Ship/SRotate.uasset" 99
"../../../../../Projects/Github/Asteroids_a_la_Mode/Asteroids_A_La_Mode/Content/Ship/Ship.uasset" 100
"../../../../../Projects/Github/Asteroids_a_la_Mode/Asteroids_A_La_Mode/Content/Modes/Arcade1979/1979Rounds.uasset" 101
"../../../../../Projects/Github/Asteroids_a_la_Mode/Asteroids_A_La_Mode/Content/Modes/Debug/DebugMode.uasset" 102
"../../../../../Projects/Github/Asteroids_a_la_Mode/Asteroids_A_La_Mode/Content/Obstacles/Asteroid.uasset" 103
"../../../../../Projects/Github/Asteroids_a_la_Mode/Asteroids_A_La_Mode/Content/Obstacles/Assets/BigAsteroid.uasset" 104
"../../../../../Projects/Github/Asteroids_a_la_Mode/Asteroids_A_La_Mode/Content/Obstacles/Asteroid_Large.uasset" 105
"../../../../../Projects/Github/Asteroids_a_la_Mode/Asteroids_A_La_Mode/Content/Levels/Assets/Colliders/BorderSide.uasset" 106
"../../../../../Projects/Github/Asteroids_a_la_Mode/Asteroids_A_La_Mode/Content/Levels/Assets/Colliders/Spawn_Volume.uasset" 107
"../../../../../Projects/Github/Asteroids_a_la_Mode/Asteroids_A_La_Mode/Content/Modes/Arcade1979/Asteroids1979.uasset" 108
"../../../../../Projects/Github/Asteroids_a_la_Mode/Asteroids_A_La_Mode/Content/Modes/Arcade_Deluxe1981/Asteroids1981.uasset" 109
"../../../../../Projects/Github/Asteroids_a_la_Mode/Asteroids_A_La_Mode/Content/Modes/DataLibrary/DataLibMode.uasset" 110
"../../../../../Projects/Github/Asteroids_a_la_Mode/Asteroids_A_La_Mode/Content/Modes/Debug/Debug_Has_Everything.uasset" 111
"../../../../../Projects/Github/Asteroids_a_la_Mode/Asteroids_A_La_Mode/Content/Modes/MainScreen/MainScreen.uasset" 112
"../../../../../Projects/Github/Asteroids_a_la_Mode/Asteroids_A_La_Mode/Content/Modes/Options/Arcade_1979.uasset" 113
"../../../../../Projects/Github/Asteroids_a_la_Mode/Asteroids_A_La_Mode/Content/Modes/Options/Arcade_Deluxe_1981.uasset" 114
"../../../../../Projects/Github/Asteroids_a_la_Mode/Asteroids_A_La_Mode/Content/Modes/Options/Audio.uasset" 115
"../../../../../Projects/Github/Asteroids_a_la_Mode/Asteroids_A_La_Mode/Content/Modes/Options/Camera.uasset" 116
"../../../../../Projects/Github/Asteroids_a_la_Mode/Asteroids_A_La_Mode/Content/Modes/Options/Controls.uasset" 117
"../../../../../Projects/Github/Asteroids_a_la_Mode/Asteroids_A_La_Mode/Content/Modes/Options/Difficulty.uasset" 118
"../../../../../Projects/Github/Asteroids_a_la_Mode/Asteroids_A_La_Mode/Content/Modes/Options/Display.uasset" 119
"../../../../../Projects/Github/Asteroids_a_la_Mode/Asteroids_A_La_Mode/Content/Modes/Options/Graphics.uasset" 120
"../../../../../Projects/Github/Asteroids_a_la_Mode/Asteroids_A_La_Mode/Content/Modes/Options/Presets.uasset" 121
"../../../../../Projects/Github/Asteroids_a_la_Mode/Asteroids_A_La_Mode/Content/Modes/Options/SuperAsteroids.uasset" 122
"../../../../../Projects/Github/Asteroids_a_la_Mode/Asteroids_A_La_Mode/Content/Obstacles/Assets/Asteroid_Strike_COLOR.uasset" 123
"../../../../../Projects/Github/Asteroids_a_la_Mode/Asteroids_A_La_Mode/Content/UserInterface/LoadingWidget.uasset" 124
"../../../../../Projects/Github/Asteroids_a_la_Mode/Asteroids_A_La_Mode/Content/UserInterface/Loading.uasset" 125
"../../../../../Projects/Github/Asteroids_a_la_Mode/Asteroids_A_La_Mode/Content/UserInterface/Assets/StudioMat.uasset" 126
"../../../Engine/Content/Functions/Engine_MaterialFunctions01/Shading/ConvertFromDiffSpec.uasset" 127
"../../../Engine/Content/EditorMaterials/GridMaterial.uasset" 128
"../../../Engine/Content/EditorMeshes/AssetViewer/Floor_Mesh.uasset" 129
"../../../../../Projects/Github/Asteroids_a_la_Mode/Asteroids_A_La_Mode/Content/UserInterface/Assets/ShipCapture_BP.uasset" 130
"../../../../../Projects/Github/Asteroids_a_la_Mode/Asteroids_A_La_Mode/Content/UserInterface/MainScreen/EServerRow.uasset" 131
"../../../../../Projects/Github/Asteroids_a_la_Mode/Asteroids_A_La_Mode/Content/UserInterface/MainScreen/Server_List.uasset" 132
"../../../../../Projects/Github/Asteroids_a_la_Mode/Asteroids_A_La_Mode/Content/UserInterface/Test/Debug_SingleInstance.uasset" 133
"../../../Engine/Content/Functions/Engine_MaterialFunctions01/ImageAdjustment/DeriveHDRfromLDR.uasset" 134
"../../../Engine/Content/Functions/Engine_MaterialFunctions02/Utility/BreakOutFloat3Components.uasset" 135
"../../../Engine/Content/Functions/Engine_MaterialFunctions02/Utility/DebugTimeSine.uasset" 136
"../../../../../Projects/Github/Asteroids_a_la_Mode/Asteroids_A_La_Mode/Content/_Imported/ParagonHowitzer/FX/Materials/Functions/MF_CameraDistanceFade.uasset" 137
"../../../../../Projects/Github/Asteroids_a_la_Mode/Asteroids_A_La_Mode/Content/_Imported/ParagonHowitzer/FX/Materials/Functions/MF_CrossTalkNextChannel.uasset" 138
"../../../../../Projects/Github/Asteroids_a_la_Mode/Asteroids_A_La_Mode/Content/_Imported/ParagonHowitzer/FX/Materials/Functions/MF_ColorTint_HQ.uasset" 139
"../../../../../Projects/Github/Asteroids_a_la_Mode/Asteroids_A_La_Mode/Content/_Imported/ParagonHowitzer/FX/Materials/ParameterCollections/GlobalArtCollection.uasset" 140
"../../../../../Projects/Github/Asteroids_a_la_Mode/Asteroids_A_La_Mode/Content/_Imported/ParagonHowitzer/FX/Textures/Smoke/T_SmokeTile_Strip_03_Height_TILE.uasset" 141
"../../../../../Projects/Github/Asteroids_a_la_Mode/Asteroids_A_La_Mode/Content/_Imported/ParagonHowitzer/FX/Textures/Smoke/T_SmokeTile_Strip_03_Soft.uasset" 142
"../../../../../Projects/Github/Asteroids_a_la_Mode/Asteroids_A_La_Mode/Content/_Imported/ParagonHowitzer/FX/Textures/Smoke/T_SmokeTile_Strip_03_Soft_N_TILE.uasset" 143
"../../../../../Projects/Github/Asteroids_a_la_Mode/Asteroids_A_La_Mode/Content/_Imported/ParagonHowitzer/FX/Textures/Smoke/T_SmokeTile_Strip_03_TILE.uasset" 144
"../../../../../Projects/Github/Asteroids_a_la_Mode/Asteroids_A_La_Mode/Content/_Imported/ParagonHowitzer/FX/Textures/Smoke/T_SmokeTile_Strip_03B_N_TILE.uasset" 145
"../../../../../Projects/Github/Asteroids_a_la_Mode/Asteroids_A_La_Mode/Content/_Imported/ParagonHowitzer/FX/Materials/Smoke/Trails/M_TrailSmoke.uasset" 146
"../../../../../Projects/Github/Asteroids_a_la_Mode/Asteroids_A_La_Mode/Content/_Imported/ParagonHowitzer/FX/Meshes/Fire/JetFlames/SM_Jets_Outer.uasset" 147
"../../../../../Projects/Github/Asteroids_a_la_Mode/Asteroids_A_La_Mode/Content/_Imported/ParagonHowitzer/FX/Particles/Abilities/Mobility/FX/P_HB_Mobility_TravelMode_JetsOnce.uasset" 148
"../../../Engine/Content/BasicShapes/Cone.uasset" 149
"../../../Engine/Content/BasicShapes/Cube.uasset" 150
"../../../Engine/Content/BasicShapes/Sphere.uasset" 151
"../../../Engine/Content/EditorLandscapeResources/DataLayer.uasset" 152
"../../../Engine/Content/EditorMaterials/GizmoMaterial.uasset" 153
"../../../Engine/Content/EditorMaterials/MAT_Groups_Toggle.uasset" 154
"../../../Engine/Content/EditorMaterials/MAT_Groups_Visibility.uasset" 155
"../../../Engine/Content/EditorMaterials/PreviewShadowIndicator.uasset" 156
"../../../Engine/Content/EditorMaterials/PreviewShadowIndicatorMaterial.uasset" 157
"../../../Engine/Content/EditorMaterials/MatineeGroups/MAT_ColorTrack.uasset" 158
"../../../Engine/Content/EditorMaterials/MatineeGroups/MAT_Groups_Anim.uasset" 159
"../../../Engine/Content/EditorMaterials/MatineeGroups/MAT_Groups_AudioMaster.uasset" 160
"../../../Engine/Content/EditorMaterials/MatineeGroups/MAT_Groups_Director.uasset" 161
"../../../Engine/Content/EditorMaterials/MatineeGroups/MAT_Groups_Event.uasset" 162
"../../../Engine/Content/EditorMaterials/MatineeGroups/MAT_Groups_Fade.uasset" 163
"../../../Engine/Content/EditorMaterials/MatineeGroups/MAT_Groups_Float.uasset" 164
"../../../Engine/Content/EditorMaterials/MatineeGroups/MAT_Groups_Move.uasset" 165
"../../../Engine/Content/EditorMaterials/MatineeGroups/MAT_Groups_Slomo.uasset" 166
"../../../Engine/Content/EditorMaterials/MatineeGroups/MAT_Groups_Sound.uasset" 167
"../../../Engine/Content/EditorMaterials/MatineeGroups/MAT_Groups_Vector.uasset" 168
"../../../Engine/Content/EditorMaterials/ParticleSystems/PSysThumbnail_NoImage.uasset" 169
"../../../Engine/Content/EditorMaterials/ParticleSystems/PSysThumbnail_OOD.uasset" 170
"../../../Engine/Content/EditorMaterials/Camera/CineMat.uasset" 171
"../../../Engine/Content/EditorMaterials/Camera/MI_CineMat_Rig.uasset" 172
"../../../Engine/Content/EditorMeshes/Camera/SM_CraneRig_Arm.uasset" 173
"../../../Engine/Content/EditorMeshes/Camera/SM_CraneRig_Base.uasset" 174
"../../../Engine/Content/EditorMeshes/Camera/SM_CraneRig_Body.uasset" 175
"../../../Engine/Content/EditorMeshes/Camera/SM_CraneRig_Mount.uasset" 176
"../../../Engine/Content/EditorMeshes/Camera/SM_RailRig_Mount.uasset" 177
"../../../Engine/Content/EditorMeshes/Camera/SM_RailRig_Track.uasset" 178
"../../../Engine/Content/EditorMeshes/ColorCalibrator/M_ChromeBall.uasset" 179
"../../../Engine/Content/EditorMeshes/ColorCalibrator/M_ClearCoat.uasset" 180
"../../../Engine/Content/EditorMeshes/ColorCalibrator/M_ClearCoatBlack.uasset" 181
"../../../Engine/Content/EditorMeshes/ColorCalibrator/Color_checker.uasset" 182
"../../../Engine/Content/EditorMeshes/ColorCalibrator/M_ColorGrid.uasset" 183
"../../../Engine/Content/EditorMeshes/ColorCalibrator/M_GreyBall.uasset" 184
"../../../Engine/Content/EditorMeshes/ColorCalibrator/SM_ColorCalibrator.uasset" 185
"../../../Engine/Content/EditorResources/BSPVertex.uasset" 186
"../../../Engine/Content/EditorResources/EmptyActor.uasset" 187
"../../../Engine/Content/EditorResources/S_Actor.uasset" 188
"../../../Engine/Content/EditorResources/S_Trigger.uasset" 189
"../../../Engine/Content/EditorResources/LightIcons/S_LightError.uasset" 190
"../../../Engine/Content/EditorResources/SequenceRecorder/Countdown.uasset" 191
"../../../Engine/Content/EditorResources/SequenceRecorder/RecordingIndicator.uasset" 192
"../../../Engine/Content/EditorSounds/Notifications/CompileFailed.uasset" 193
"../../../Engine/Content/EditorSounds/Notifications/CompileFailed_Cue.uasset" 194
"../../../Engine/Content/EditorSounds/Notifications/CompileSuccess.uasset" 195
"../../../Engine/Content/EditorSounds/Notifications/CompileStart_Cue.uasset" 196
"../../../Engine/Content/EditorSounds/Notifications/CompileSuccess_Cue.uasset" 197
"../../../Engine/Content/EngineDamageTypes/DmgTypeBP_Environmental.uasset" 198
"../../../Engine/Content/EngineDebugMaterials/HeatmapGradient.uasset" 199
"../../../Engine/Content/EngineDebugMaterials/BoneWeightMaterial.uasset" 200
"../../../Engine/Content/EngineDebugMaterials/ClothMaterial.uasset" 201
"../../../Engine/Content/EngineDebugMaterials/ClothMaterial_WF.uasset" 202
"../../../Engine/Content/EngineDebugMaterials/DebugEditorMaterial.uasset" 203
"../../../Engine/Content/EngineDebugMaterials/DebugMeshMaterial.uasset" 204
"../../../Engine/Content/EngineDebugMaterials/GeomMaterial.uasset" 205
"../../../Engine/Content/EngineFonts/Faces/RobotoBold.uasset" 206
"../../../Engine/Content/EngineFonts/Faces/RobotoBoldItalic.uasset" 207
"../../../Engine/Content/EngineFonts/Faces/RobotoItalic.uasset" 208
"../../../Engine/Content/EngineFonts/Faces/RobotoLight.uasset" 209
"../../../Engine/Content/EngineFonts/Faces/RobotoRegular.uasset" 210
"../../../Engine/Content/EngineFonts/Roboto.uasset" 211
"../../../Engine/Content/EngineFonts/Faces/RobotoTiny.uasset" 212
"../../../Engine/Content/EngineFonts/RobotoTiny.uasset" 213
"../../../Engine/Content/EngineMaterials/DefaultBloomKernel.uasset" 214
"../../../Engine/Content/EngineMaterials/DefaultBokeh.uasset" 215
"../../../Engine/Content/EngineMaterials/DefaultDiffuse.uasset" 216
"../../../Engine/Content/EngineMaterials/DefaultDeferredDecalMaterial.uasset" 217
"../../../Engine/Content/EngineMaterials/DefaultLightFunctionMaterial.uasset" 218
"../../../Engine/Content/EngineMaterials/DefaultPhysicalMaterial.uasset" 219
"../../../Engine/Content/EngineMaterials/DefaultPostProcessMaterial.uasset" 220
"../../../Engine/Content/EngineFonts/RobotoDistanceField.uasset" 221
"../../../Engine/Content/EngineMaterials/DefaultTextMaterialOpaque.uasset" 222
"../../../Engine/Content/EngineMaterials/EditorBrushMaterial.uasset" 223
"../../../Engine/Content/EngineMaterials/MiniFont.uasset" 224
"../../../Engine/Content/EngineMaterials/InvalidLightmapSettings.uasset" 225
"../../../Engine/Content/EngineMaterials/M_InvalidLightmapSettings.uasset" 226
"../../../Engine/Content/EngineMaterials/PhAT_JointLimitMaterial.uasset" 227
"../../../Engine/Content/EngineMaterials/PreintegratedSkinBRDF.uasset" 228
"../../../Engine/Content/EngineMaterials/RemoveSurfaceMaterial.uasset" 229
"../../../Engine/Content/EngineMaterials/WeightMapPlaceholderTexture.uasset" 230
"../../../Engine/Content/EngineResources/WhiteSquareTexture.uasset" 231
"../../../Engine/Content/EngineMaterials/Widget3DPassThrough.uasset" 232
"../../../Engine/Content/EngineMaterials/Widget3DPassThrough_Masked.uasset" 233
"../../../Engine/Content/EngineMaterials/Widget3DPassThrough_Opaque.uasset" 234
"../../../Engine/Content/EngineMaterials/Widget3DPassThrough_Masked_OneSided.uasset" 235
"../../../Engine/Content/EngineMaterials/Widget3DPassThrough_Opaque_OneSided.uasset" 236
"../../../Engine/Content/EngineMaterials/Widget3DPassThrough_Translucent.uasset" 237
"../../../Engine/Content/EngineMaterials/Widget3DPassThrough_Translucent_OneSided.uasset" 238
"../../../Engine/Content/EngineMeshes/Cube.uasset" 239
"../../../Engine/Content/EngineMeshes/Cylinder.uasset" 240
"../../../Engine/Content/EngineMeshes/Sphere.uasset" 241
"../../../Engine/Content/EngineResources/Black.uasset" 242
"../../../Engine/Content/EngineResources/DefaultTexture.uasset" 243
"../../../Engine/Content/EngineResources/DefaultTextureCube.uasset" 244
"../../../Engine/Content/EngineResources/GradientTexture0.uasset" 245
"../../../Engine/Content/EngineSounds/Master.uasset" 246
"../../../Engine/Content/Functions/Engine_MaterialFunctions01/Shading/PowerToRoughness.uasset" 247
"../../../Engine/Content/Maps/Templates/Thumbnails/Default.uasset" 248
"../../../Engine/Content/Maps/Templates/Thumbnails/VR-Basic.uasset" 249
"../../../Engine/Content/MobileResources/T_MobileControls_texture.uasset" 250
"../../../Engine/Content/MobileResources/T_MobileMenu2.uasset" 251
"../../../Engine/Content/MobileResources/HUD/AnalogHat.uasset" 252
"../../../Engine/Content/MobileResources/HUD/VirtualJoystick_Background.uasset" 253
"../../../Engine/Content/MobileResources/HUD/VirtualJoystick_Thumb.uasset" 254
"../../../Engine/Content/MobileResources/HUD/DefaultVirtualJoysticks.uasset" 255
"../../../Engine/Content/MobileResources/HUD/LeftVirtualJoystickOnly.uasset" 256
"../../../Engine/Content/MobileResources/HUD/MobileHUDButton1_off.uasset" 257
"../../../Engine/Content/MobileResources/HUD/MobileHUDButton1_on.uasset" 258
"../../../Engine/Content/MobileResources/HUD/MobileHUDButton2_off.uasset" 259
"../../../Engine/Content/MobileResources/HUD/MobileHUDButton2_on.uasset" 260
"../../../Engine/Content/MobileResources/HUD/MobileHUDButton3.uasset" 261
"../../../Engine/Content/MobileResources/HUD/MobileHUDButtonFire.uasset" 262
"../../../Engine/Content/MobileResources/HUD/MobileHUDDirectionPad.uasset" 263
"../../../Engine/Content/MobileResources/HUD/MobileHUDDirectionPad2.uasset" 264
"../../../Engine/Content/MobileResources/HUD/MobileHUDDirectionPad3.uasset" 265
"../../../Engine/Content/MobileResources/HUD/MobileHUDDirectionStick.uasset" 266
"../../../Engine/Content/MobileResources/HUD/T_Castle_ThumbstickInner.uasset" 267
"../../../Engine/Content/MobileResources/HUD/T_Castle_ThumbstickOutter.uasset" 268
"../../../Engine/Content/Tutorial/ContentIntroCurve.uasset" 269
"../../../Engine/Content/Tutorial/Basics/TutorialAssets/icon_tab_Levels_40x.uasset" 270
"../../../Engine/Content/Tutorial/BlueprintTutorials/TutorialAssets/BlueprintInterface_64x.uasset" 271
"../../../Engine/Content/Tutorial/BlueprintTutorials/TutorialAssets/BlueprintMacroLibrary_64x.uasset" 272
"../../../Engine/Content/Tutorial/BlueprintTutorials/TutorialAssets/Blueprint_64x.uasset" 273
"../../../Engine/Content/Tutorial/BlueprintTutorials/TutorialAssets/Tutorial_BP_Interface.uasset" 274
"../../../Engine/Content/Tutorial/Foliage/TutorialAssets/Foliage.uasset" 275
"../../../Engine/Content/Tutorial/Landscape/TutorialAssets/Landscape.uasset" 276
"../../../Engine/Content/Tutorial/Paper2D/TutorialAssets/Paper2DFlipbook_TutorialIcon.uasset" 277
"../../../Engine/Content/Tutorial/Paper2D/TutorialAssets/Paper2DSprite_TutorialIcon.uasset" 278
"../../../Engine/Content/Tutorial/SubEditors/TutorialAssets/icon_Editor_Preferences_General_40x.uasset" 279
"../../../Engine/Content/Tutorial/SubEditors/TutorialAssets/icon_ShowSkeletalMeshes_40x.uasset" 280
"../../../Engine/Content/Tutorial/SubEditors/TutorialAssets/TutorialMaterial.uasset" 281
"../../../Engine/Content/Tutorial/SubEditors/TutorialAssets/T_SmokeSubUV_8X8.uasset" 282
"../../../Engine/Content/Tutorial/SubEditors/TutorialAssets/T_soft_smoke.uasset" 283
"../../../Engine/Content/Tutorial/SubEditors/TutorialAssets/M_smoke_subUV_blackbody.uasset" 284
"../../../Engine/Content/Tutorial/SubEditors/TutorialAssets/TutorialParticleSystem.uasset" 285
"../../../Engine/Content/VREditor/Devices/Generic/GenericHMDMaterial.uasset" 286
"../../../Engine/Content/VREditor/Devices/Generic/GenericHMD.uasset" 287
"../../../Engine/Content/VREditor/Devices/Vive/VivePreController_MasksB.uasset" 288
"../../../Engine/Content/VREditor/Devices/Oculus/OculusControllerMaterial.uasset" 289
"../../../Engine/Content/VREditor/Devices/Oculus/OculusControllerMaterial_Inst.uasset" 290
"../../../Engine/Content/VREditor/Devices/Oculus/OculusControllerMesh.uasset" 291
"../../../Engine/Content/VREditor/Devices/Vive/T_VivePreController_EM.uasset" 292
"../../../Engine/Content/VREditor/Devices/Vive/VivePreController_MasksA.uasset" 293
"../../../Engine/Content/VREditor/Devices/Vive/VivePreControllerDiffuse.uasset" 294
"../../../Engine/Content/VREditor/Devices/Vive/VivePreControllerSpec.uasset" 295
"../../../Engine/Content/VREditor/Devices/Vive/VivePreControllerMaterial.uasset" 296
"../../../Engine/Content/VREditor/Devices/Vive/VivePreControllerMaterial_Inst.uasset" 297
"../../../Engine/Content/VREditor/Devices/Vive/VivePreControllerMesh.uasset" 298
"../../../Engine/Content/VREditor/FloatingText/LineMaterial.uasset" 299
"../../../Engine/Content/VREditor/FloatingText/JointSphere.uasset" 300
"../../../Engine/Content/VREditor/FloatingText/LineSegmentCylinder.uasset" 301
"../../../Engine/Content/VREditor/Fonts/VRText_RobotoLarge.uasset" 302
"../../../Engine/Content/VREditor/Fonts/VRTextMaterial.uasset" 303
"../../../Engine/Content/VREditor/Fonts/TranslucentVRTextMaterial.uasset" 304
"../../../Engine/Content/VREditor/LaserPointer/CursorPointer.uasset" 305
"../../../Engine/Content/VREditor/TransformGizmo/TranslucentTransformGizmoMaterial.uasset" 306
"../../../Engine/Content/VREditor/LaserPointer/TranslucentHoverMaterial.uasset" 307
"../../../Engine/Content/VREditor/LaserPointer/HoverMesh.uasset" 308
"../../../Engine/Content/VREditor/LaserPointer/LaserPointerMaterial.uasset" 309
"../../../Engine/Content/VREditor/LaserPointer/LaserPointerMaterialInst.uasset" 310
"../../../Engine/Content/VREditor/LaserPointer/TranslucentLaserPointerMaterialInst.uasset" 311
"../../../Engine/Content/VREditor/LaserPointer/LaserPointerMesh.uasset" 312
"../../../Engine/Content/VREditor/LaserPointer/LaserPointerMesh_End.uasset" 313
"../../../Engine/Content/VREditor/LaserPointer/LaserPointerMesh_Start.uasset" 314
"../../../Engine/Content/VREditor/Sounds/VR_teleport.uasset" 315
"../../../Engine/Content/VREditor/Sounds/UI/Click_on_Button.uasset" 316
"../../../Engine/Content/VREditor/Sounds/UI/Click_on_Button_Cue.uasset" 317
"../../../Engine/Content/VREditor/Sounds/UI/Dockable_Window_Close.uasset" 318
"../../../Engine/Content/VREditor/Sounds/UI/Dockable_Window_Drop.uasset" 319
"../../../Engine/Content/VREditor/Sounds/UI/Dockable_Window_Open.uasset" 320
"../../../Engine/Content/VREditor/Sounds/UI/Dockable_Window_Pick_Up.uasset" 321
"../../../Engine/Content/VREditor/Sounds/UI/Drop_Item_From_ContentBrowser.uasset" 322
"../../../Engine/Content/VREditor/Sounds/UI/Floating_UI_Open-001.uasset" 323
"../../../Engine/Content/VREditor/Sounds/UI/Radial_Menu_FadeOut.uasset" 324
"../../../Engine/Content/VREditor/Sounds/UI/Teleport_Mode_Entered.uasset" 325
"../../../Engine/Content/VREditor/Teleport/TeleportDirectionMaterial.uasset" 326
"../../../Engine/Content/VREditor/Teleport/TeleportDirectionMaterial_Inst.uasset" 327
"../../../Engine/Content/VREditor/Teleport/TeleportDirectionMesh.uasset" 328
"../../../Engine/Content/VREditor/TransformGizmo/BoundingBoxCorner.uasset" 329
"../../../Engine/Content/VREditor/TransformGizmo/BoundingBoxEdge.uasset" 330
"../../../Engine/Content/VREditor/TransformGizmo/PlaneTranslationHandle.uasset" 331
"../../../Engine/Content/VREditor/TransformGizmo/Main.uasset" 332
"../../../Engine/Content/VREditor/TransformGizmo/Xray.uasset" 333
"../../../Engine/Content/VREditor/TransformGizmo/SM_Dialog_Close.uasset" 334
"../../../Engine/Content/VREditor/TransformGizmo/SM_Dialog_Move.uasset" 335
"../../../Engine/Content/VREditor/TransformGizmo/SM_Sequencer_Key.uasset" 336
"../../../Engine/Content/VREditor/TransformGizmo/SM_Sequencer_Node.uasset" 337
"../../../Engine/Content/VREditor/TransformGizmo/TransformGizmoMaterial_Inst.uasset" 338
"../../../Engine/Content/VREditor/TransformGizmo/TranslucentTransformGizmoMaterial_Inst.uasset" 339
"../../../Engine/Content/VREditor/Devices/Vive/UE4_Logo.uasset" 340
"../../../Engine/Content/VREditor/UI/M_ContentWindow.uasset" 341
"../../../Engine/Content/VREditor/UI/SM_ContentWindow_01.uasset" 342
"../../../Engine/Content/VREditor/UI/KeyDiskMaterial.uasset" 343
"../../../Engine/Content/VREditor/UI/DiscMaterial.uasset" 344
"../../../Engine/Content/VREditor/UI/SM_Radial_Disk.uasset" 345
"../../../Engine/Content/VREditor/UI/ArrowMaterial.uasset" 346
"../../../Engine/Content/VREditor/UI/SM_Radial_Pointer.uasset" 347
"../../../Engine/Content/Functions/Engine_MaterialFunctions01/Gradient/RadialGradient.uasset" 348
"../../../Engine/Content/VREditor/WorldMovementGrid/SimpleGrid.uasset" 349
"../../../Engine/Content/VREditor/WorldMovementGrid/GridMaterial.uasset" 350
"../../../Engine/Content/Functions/Engine_MaterialFunctions01/Density/ExponentialDensity.uasset" 351
"../../../Engine/Content/VREditor/WorldMovementGrid/GridPostProcess.uasset" 352
"../../../Engine/Content/EditorLandscapeResources/FlattenHeightMat.uasset" 353
"../../../Engine/Content/VREditor/WorldMovementGrid/PlaneMesh.uasset" 354
"../../Plugins/2D/Paper2D/Content/PlaceholderTextures/DummySpriteTexture.uasset" 355
"../../Plugins/2D/Paper2D/Content/DummySprite.uasset" 356
"../../Plugins/2D/Paper2D/Content/DefaultPaperTerrainMaterial.uasset" 357
"../../Plugins/2D/Paper2D/Content/DefaultSpriteMaterial.uasset" 358
"../../Plugins/2D/Paper2D/Content/MaskedUnlitSpriteMaterial.uasset" 359
"../../Plugins/2D/Paper2D/Content/OpaqueUnlitSpriteMaterial.uasset" 360
"../../Plugins/Media/MediaCompositing/Content/DefaultMediaPlaneTexture.uasset" 361
"../../Plugins/Media/MediaCompositing/Content/DefaultMediaPlaneMaterial.uasset" 362
"../../../Engine/Content/Functions/Engine_MaterialFunctions02/Utility/MakeFloat4.uasset" 363
"../../Plugins/Runtime/AppleARKit/Content/ARKitCameraMaterial.uasset" 364
"../../Plugins/Runtime/Oculus/OculusVR/Content/Textures/GearVRController_AO.uasset" 365
"../../Plugins/Runtime/Oculus/OculusVR/Content/Textures/GearVRController_Color.uasset" 366
"../../Plugins/Runtime/Oculus/OculusVR/Content/Textures/GearVRController_Normal.uasset" 367
"../../Plugins/Runtime/Oculus/OculusVR/Content/Materials/GearVRControllerMaterial.uasset" 368
"../../Plugins/Runtime/Oculus/OculusVR/Content/Meshes/GearVrController.uasset" 369
"../../../../../Projects/Github/Asteroids_a_la_Mode/Asteroids_A_La_Mode/Content/Levels/Assets/Colliders/WarpWall.uasset" 370
"../../../../../Projects/Github/Asteroids_a_la_Mode/Asteroids_A_La_Mode/Content/Levels/Assets/Skybox/fml.uasset" 371
"../../../../../Projects/Github/Asteroids_a_la_Mode/Asteroids_A_La_Mode/Content/Levels/Assets/Skybox/fml_Material.uasset" 372
"../../../Engine/Content/EditorMaterials/Thumbnails/SkySphereMaterial.uasset" 373
"../../../Engine/Content/EditorMeshes/EditorSkySphere.uasset" 374
"../../../../../Projects/Github/Asteroids_a_la_Mode/Asteroids_A_La_Mode/Content/Levels/Assets/Skybox/SpaceBox.uasset" 375
"../../../Engine/Content/BufferVisualization/BaseColor.uasset" 376
"../../../Engine/Content/BasicShapes/Plane.uasset" 377
"../../../../../Projects/Github/Asteroids_a_la_Mode/Asteroids_A_La_Mode/Content/Levels/Dev_Test.umap" 378
"../../../../../Projects/Github/Asteroids_a_la_Mode/Asteroids_A_La_Mode/Content/Levels/MainScreen.umap" 379
"../../../Engine/Content/Maps/Entry.umap" 380
