Log file open, 03/31/18 01:35:33
LogWindows: Failed to load 'aqProf.dll' (GetLastError=126)
LogWindows: File 'aqProf.dll' does not exist
LogWindows: Failed to load 'VSPerf140.dll' (GetLastError=126)
LogWindows: File 'VSPerf140.dll' does not exist
LogWindows: Failed to load 'VtuneApi.dll' (GetLastError=126)
LogWindows: File 'VtuneApi.dll' does not exist
LogWindows: Failed to load 'VtuneApi32e.dll' (GetLastError=126)
LogWindows: File 'VtuneApi32e.dll' does not exist
LogInit: Display: Running engine for game: Asteroids_A_La_Mode
LogPlatformFile: Not using cached read wrapper
LogInit: Display: RandInit(-2042776205) SRandInit(-2042776205).
LogInit: Read version file with build ID '3944462'
LogInit: Overriding engine version to CL 3944462, compatible CL 3944462
LogInit: Registered custom module enumerator with build ID '3944462'
LogTaskGraph: Started task graph with 5 named threads and 35 total threads with 3 sets of task threads.
LogStats: Stats thread started at 0.379231
LogD3D11RHI: Aftermath initialized
LogICUInternationalization: Display: ICU TimeZone Detection - Raw Offset: -5:00, Platform Override: ''
LogPluginManager: Mounting plugin Paper2D
LogPluginManager: Mounting plugin LiveLink
LogPluginManager: Mounting plugin LightPropagationVolume
LogPluginManager: Mounting plugin CLionSourceCodeAccess
LogPluginManager: Mounting plugin CodeLiteSourceCodeAccess
LogPluginManager: Mounting plugin GitSourceControl
LogPluginManager: Mounting plugin KDevelopSourceCodeAccess
LogPluginManager: Mounting plugin NullSourceCodeAccess
LogPluginManager: Mounting plugin PerforceSourceControl
LogPluginManager: Mounting plugin SubversionSourceControl
LogPluginManager: Mounting plugin UObjectPlugin
LogPluginManager: Mounting plugin VisualStudioCodeSourceCodeAccess
LogPluginManager: Mounting plugin VisualStudioSourceCodeAccess
LogPluginManager: Mounting plugin XCodeSourceCodeAccess
LogPluginManager: Mounting plugin AssetManagerEditor
LogPluginManager: Mounting plugin CryptoKeys
LogPluginManager: Mounting plugin DataValidation
LogPluginManager: Mounting plugin FacialAnimation
LogPluginManager: Mounting plugin GameplayTagsEditor
LogPluginManager: Mounting plugin MobileLauncherProfileWizard
LogPluginManager: Mounting plugin PluginBrowser
LogPluginManager: Mounting plugin SpeedTreeImporter
LogPluginManager: Mounting plugin DatasmithContent
LogPluginManager: Mounting plugin AlembicImporter
LogPluginManager: Mounting plugin CharacterAI
LogPluginManager: Mounting plugin HTML5Networking
LogPluginManager: Mounting plugin AndroidMedia
LogPluginManager: Mounting plugin AvfMedia
LogPluginManager: Mounting plugin ImgMedia
LogPluginManager: Mounting plugin LinearTimecode
LogPluginManager: Mounting plugin MediaCompositing
LogPluginManager: Mounting plugin MediaPlayerEditor
LogPluginManager: Mounting plugin WmfMedia
LogPluginManager: Mounting plugin TcpMessaging
LogPluginManager: Mounting plugin UdpMessaging
LogPluginManager: Mounting plugin ActorSequence
LogPluginManager: Mounting plugin LevelSequenceEditor
LogPluginManager: Mounting plugin MatineeToLevelSequence
LogPluginManager: Mounting plugin NetcodeUnitTest
LogPluginManager: Mounting plugin NUTUnrealEngine4
LogPluginManager: Mounting plugin OnlineSubsystemGooglePlay
LogPluginManager: Mounting plugin OnlineSubsystemIOS
LogPluginManager: Mounting plugin OnlineSubsystem
LogPluginManager: Mounting plugin OnlineSubsystemNull
LogPluginManager: Mounting plugin OnlineSubsystemUtils
LogPluginManager: Mounting plugin AndroidDeviceProfileSelector
LogPluginManager: Mounting plugin AndroidMoviePlayer
LogPluginManager: Mounting plugin AndroidPermission
LogPluginManager: Mounting plugin AppleARKit
LogPluginManager: Mounting plugin AppleMoviePlayer
LogPluginManager: Mounting plugin ArchVisCharacter
LogPluginManager: Mounting plugin AudioCapture
LogPluginManager: Mounting plugin CableComponent
LogPluginManager: Mounting plugin CustomMeshComponent
LogPluginManager: Mounting plugin ExampleDeviceProfileSelector
LogPluginManager: Mounting plugin GoogleCloudMessaging
LogPluginManager: Mounting plugin ImmediatePhysics
LogPluginManager: Mounting plugin IOSDeviceProfileSelector
LogPluginManager: Mounting plugin LinuxDeviceProfileSelector
LogPluginManager: Mounting plugin LocationServicesBPLibrary
LogPluginManager: Mounting plugin MobilePatchingUtils
LogPluginManager: Mounting plugin OculusVR
LogPluginManager: Plugin shader directory ../../../Engine/Plugins/Runtime/Oculus/OculusVR/Shaders found
LogPluginManager: Mapping shader source directory ../../../Engine/Plugins/Runtime/Oculus/OculusVR/Shaders to virtual directory /Plugin/OculusVR
LogPluginManager: Mounting plugin PhysXVehicles
LogPluginManager: Mounting plugin ProceduralMeshComponent
LogPluginManager: Mounting plugin RuntimePhysXCooking
LogPluginManager: Mounting plugin SteamVR
LogPluginManager: Mounting plugin WindowsMoviePlayer
LogStreaming: Display: Took  0.045s to configure plugins.
LogModuleManager: Display: Found up-to-date module file ../../../../../Projects/Github/Asteroids_a_la_Mode/Asteroids_A_La_Mode/Binaries/Win64/UE4Editor-Asteroids_A_La_Mode.dll (API version 3944462).
LogModuleManager: Display: Found up-to-date module file ../../../Engine/Plugins/2D/Paper2D/Binaries/Win64/UE4Editor-Paper2D.dll (API version 3944462).
LogModuleManager: Display: Found up-to-date module file ../../../Engine/Plugins/2D/Paper2D/Binaries/Win64/UE4Editor-Paper2DEditor.dll (API version 3944462).
LogModuleManager: Display: Found up-to-date module file ../../../Engine/Plugins/2D/Paper2D/Binaries/Win64/UE4Editor-PaperSpriteSheetImporter.dll (API version 3944462).
LogModuleManager: Display: Found up-to-date module file ../../../Engine/Plugins/2D/Paper2D/Binaries/Win64/UE4Editor-PaperTiledImporter.dll (API version 3944462).
LogModuleManager: Display: Found up-to-date module file ../../../Engine/Plugins/2D/Paper2D/Binaries/Win64/UE4Editor-SmartSnapping.dll (API version 3944462).
LogModuleManager: Display: Found up-to-date module file ../../../Engine/Plugins/Animation/LiveLink/Binaries/Win64/UE4Editor-LiveLink.dll (API version 3944462).
LogModuleManager: Display: Found up-to-date module file ../../../Engine/Plugins/Animation/LiveLink/Binaries/Win64/UE4Editor-LiveLinkEditor.dll (API version 3944462).
LogModuleManager: Display: Found up-to-date module file ../../../Engine/Plugins/Blendables/LightPropagationVolume/Binaries/Win64/UE4Editor-LightPropagationVolumeRuntime.dll (API version 3944462).
LogModuleManager: Display: Found up-to-date module file ../../../Engine/Plugins/Blendables/LightPropagationVolume/Binaries/Win64/UE4Editor-LightPropagationVolumeEditor.dll (API version 3944462).
LogModuleManager: Display: Found up-to-date module file ../../../Engine/Plugins/Developer/CLionSourceCodeAccess/Binaries/Win64/UE4Editor-CLionSourceCodeAccess.dll (API version 3944462).
LogModuleManager: Display: Found up-to-date module file ../../../Engine/Plugins/Developer/GitSourceControl/Binaries/Win64/UE4Editor-GitSourceControl.dll (API version 3944462).
LogModuleManager: Display: Found up-to-date module file ../../../Engine/Plugins/Developer/PerforceSourceControl/Binaries/Win64/UE4Editor-PerforceSourceControl.dll (API version 3944462).
LogModuleManager: Display: Found up-to-date module file ../../../Engine/Plugins/Developer/SubversionSourceControl/Binaries/Win64/UE4Editor-SubversionSourceControl.dll (API version 3944462).
LogModuleManager: Display: Found up-to-date module file ../../../Engine/Plugins/Developer/UObjectPlugin/Binaries/Win64/UE4Editor-UObjectPlugin.dll (API version 3944462).
LogModuleManager: Display: Found up-to-date module file ../../../Engine/Plugins/Developer/VisualStudioCodeSourceCodeAccess/Binaries/Win64/UE4Editor-VisualStudioCodeSourceCodeAccess.dll (API version 3944462).
LogModuleManager: Display: Found up-to-date module file ../../../Engine/Plugins/Developer/VisualStudioSourceCodeAccess/Binaries/Win64/UE4Editor-VisualStudioSourceCodeAccess.dll (API version 3944462).
LogModuleManager: Display: Found up-to-date module file ../../../Engine/Plugins/Editor/AssetManagerEditor/Binaries/Win64/UE4Editor-AssetManagerEditor.dll (API version 3944462).
LogModuleManager: Display: Found up-to-date module file ../../../Engine/Plugins/Editor/CryptoKeys/Binaries/Win64/UE4Editor-CryptoKeys.dll (API version 3944462).
LogModuleManager: Display: Found up-to-date module file ../../../Engine/Plugins/Editor/CryptoKeys/Binaries/Win64/UE4Editor-CryptoKeysOpenSSL.dll (API version 3944462).
LogModuleManager: Display: Found up-to-date module file ../../../Engine/Plugins/Editor/DataValidation/Binaries/Win64/UE4Editor-DataValidation.dll (API version 3944462).
LogModuleManager: Display: Found up-to-date module file ../../../Engine/Plugins/Editor/FacialAnimation/Binaries/Win64/UE4Editor-FacialAnimation.dll (API version 3944462).
LogModuleManager: Display: Found up-to-date module file ../../../Engine/Plugins/Editor/FacialAnimation/Binaries/Win64/UE4Editor-FacialAnimationEditor.dll (API version 3944462).
LogModuleManager: Display: Found up-to-date module file ../../../Engine/Plugins/Editor/GameplayTagsEditor/Binaries/Win64/UE4Editor-GameplayTagsEditor.dll (API version 3944462).
LogModuleManager: Display: Found up-to-date module file ../../../Engine/Plugins/Editor/MobileLauncherProfileWizard/Binaries/Win64/UE4Editor-MobileLauncherProfileWizard.dll (API version 3944462).
LogModuleManager: Display: Found up-to-date module file ../../../Engine/Plugins/Editor/PluginBrowser/Binaries/Win64/UE4Editor-PluginBrowser.dll (API version 3944462).
LogModuleManager: Display: Found up-to-date module file ../../../Engine/Plugins/Editor/SpeedTreeImporter/Binaries/Win64/UE4Editor-SpeedTreeImporter.dll (API version 3944462).
LogModuleManager: Display: Found up-to-date module file ../../../Engine/Plugins/Enterprise/DatasmithContent/Binaries/Win64/UE4Editor-DatasmithContent.dll (API version 3944462).
LogModuleManager: Display: Found up-to-date module file ../../../Engine/Plugins/Experimental/AlembicImporter/Binaries/Win64/UE4Editor-AlembicImporter.dll (API version 3944462).
LogModuleManager: Display: Found up-to-date module file ../../../Engine/Plugins/Experimental/AlembicImporter/Binaries/Win64/UE4Editor-AlembicLibrary.dll (API version 3944462).
LogModuleManager: Display: Found up-to-date module file ../../../Engine/Plugins/Experimental/CharacterAI/Binaries/Win64/UE4Editor-CharacterAI.dll (API version 3944462).
LogModuleManager: Display: Found up-to-date module file ../../../Engine/Plugins/Experimental/HTML5Networking/Binaries/Win64/UE4Editor-HTML5Networking.dll (API version 3944462).
LogModuleManager: Display: Found up-to-date module file ../../../Engine/Plugins/Media/AndroidMedia/Binaries/Win64/UE4Editor-AndroidMediaEditor.dll (API version 3944462).
LogModuleManager: Display: Found up-to-date module file ../../../Engine/Plugins/Media/AndroidMedia/Binaries/Win64/UE4Editor-AndroidMediaFactory.dll (API version 3944462).
LogModuleManager: Display: Found up-to-date module file ../../../Engine/Plugins/Media/AvfMedia/Binaries/Win64/UE4Editor-AvfMediaEditor.dll (API version 3944462).
LogModuleManager: Display: Found up-to-date module file ../../../Engine/Plugins/Media/AvfMedia/Binaries/Win64/UE4Editor-AvfMediaFactory.dll (API version 3944462).
LogModuleManager: Display: Found up-to-date module file ../../../Engine/Plugins/Media/AvfMedia/Binaries/Win64/UE4Editor-AvfMediaFactory.dll (API version 3944462).
LogModuleManager: Display: Found up-to-date module file ../../../Engine/Plugins/Media/ImgMedia/Binaries/Win64/UE4Editor-ImgMedia.dll (API version 3944462).
LogModuleManager: Display: Found up-to-date module file ../../../Engine/Plugins/Media/ImgMedia/Binaries/Win64/UE4Editor-ImgMediaEditor.dll (API version 3944462).
LogModuleManager: Display: Found up-to-date module file ../../../Engine/Plugins/Media/ImgMedia/Binaries/Win64/UE4Editor-ImgMediaFactory.dll (API version 3944462).
LogModuleManager: Display: Found up-to-date module file ../../../Engine/Plugins/Media/ImgMedia/Binaries/Win64/UE4Editor-ImgMediaFactory.dll (API version 3944462).
LogModuleManager: Display: Found up-to-date module file ../../../Engine/Plugins/Media/ImgMedia/Binaries/Win64/UE4Editor-OpenExrWrapper.dll (API version 3944462).
LogModuleManager: Display: Found up-to-date module file ../../../Engine/Plugins/Media/LinearTimecode/Binaries/Win64/UE4Editor-LinearTimecode.dll (API version 3944462).
LogModuleManager: Display: Found up-to-date module file ../../../Engine/Plugins/Media/MediaCompositing/Binaries/Win64/UE4Editor-MediaCompositing.dll (API version 3944462).
LogModuleManager: Display: Found up-to-date module file ../../../Engine/Plugins/Media/MediaCompositing/Binaries/Win64/UE4Editor-MediaCompositingEditor.dll (API version 3944462).
LogModuleManager: Display: Found up-to-date module file ../../../Engine/Plugins/Media/MediaPlayerEditor/Binaries/Win64/UE4Editor-MediaPlayerEditor.dll (API version 3944462).
LogModuleManager: Display: Found up-to-date module file ../../../Engine/Plugins/Media/WmfMedia/Binaries/Win64/UE4Editor-WmfMedia.dll (API version 3944462).
LogModuleManager: Display: Found up-to-date module file ../../../Engine/Plugins/Media/WmfMedia/Binaries/Win64/UE4Editor-WmfMediaEditor.dll (API version 3944462).
LogModuleManager: Display: Found up-to-date module file ../../../Engine/Plugins/Media/WmfMedia/Binaries/Win64/UE4Editor-WmfMediaFactory.dll (API version 3944462).
LogModuleManager: Display: Found up-to-date module file ../../../Engine/Plugins/Media/WmfMedia/Binaries/Win64/UE4Editor-WmfMediaFactory.dll (API version 3944462).
LogModuleManager: Display: Found up-to-date module file ../../../Engine/Plugins/Messaging/TcpMessaging/Binaries/Win64/UE4Editor-TcpMessaging.dll (API version 3944462).
LogModuleManager: Display: Found up-to-date module file ../../../Engine/Plugins/Messaging/UdpMessaging/Binaries/Win64/UE4Editor-UdpMessaging.dll (API version 3944462).
LogModuleManager: Display: Found up-to-date module file ../../../Engine/Plugins/MovieScene/ActorSequence/Binaries/Win64/UE4Editor-ActorSequence.dll (API version 3944462).
LogModuleManager: Display: Found up-to-date module file ../../../Engine/Plugins/MovieScene/LevelSequenceEditor/Binaries/Win64/UE4Editor-LevelSequenceEditor.dll (API version 3944462).
LogModuleManager: Display: Found up-to-date module file ../../../Engine/Plugins/MovieScene/MatineeToLevelSequence/Binaries/Win64/UE4Editor-MatineeToLevelSequence.dll (API version 3944462).
LogModuleManager: Display: Found up-to-date module file ../../../Engine/Plugins/NetcodeUnitTest/NetcodeUnitTest/Binaries/Win64/UE4Editor-NetcodeUnitTest.dll (API version 3944462).
LogModuleManager: Display: Found up-to-date module file ../../../Engine/Plugins/NetcodeUnitTest/NUTUnrealEngine4/Binaries/Win64/UE4Editor-NUTUnrealEngine4.dll (API version 3944462).
LogModuleManager: Display: Found up-to-date module file ../../../Engine/Plugins/Online/OnlineSubsystem/Binaries/Win64/UE4Editor-OnlineSubsystem.dll (API version 3944462).
LogModuleManager: Display: Found up-to-date module file ../../../Engine/Plugins/Online/OnlineSubsystemNull/Binaries/Win64/UE4Editor-OnlineSubsystemNull.dll (API version 3944462).
LogModuleManager: Display: Found up-to-date module file ../../../Engine/Plugins/Online/OnlineSubsystemUtils/Binaries/Win64/UE4Editor-OnlineSubsystemUtils.dll (API version 3944462).
LogModuleManager: Display: Found up-to-date module file ../../../Engine/Plugins/Online/OnlineSubsystemUtils/Binaries/Win64/UE4Editor-OnlineBlueprintSupport.dll (API version 3944462).
LogModuleManager: Display: Found up-to-date module file ../../../Engine/Plugins/Runtime/AndroidDeviceProfileSelector/Binaries/Win64/UE4Editor-AndroidDeviceProfileSelector.dll (API version 3944462).
LogModuleManager: Display: Found up-to-date module file ../../../Engine/Plugins/Runtime/AndroidPermission/Binaries/Win64/UE4Editor-AndroidPermission.dll (API version 3944462).
LogModuleManager: Display: Found up-to-date module file ../../../Engine/Plugins/Runtime/AppleARKit/Binaries/Win64/UE4Editor-AppleARKit.dll (API version 3944462).
LogModuleManager: Display: Found up-to-date module file ../../../Engine/Plugins/Runtime/ArchVisCharacter/Binaries/Win64/UE4Editor-ArchVisCharacter.dll (API version 3944462).
LogModuleManager: Display: Found up-to-date module file ../../../Engine/Plugins/Runtime/AudioCapture/Binaries/Win64/UE4Editor-AudioCapture.dll (API version 3944462).
LogModuleManager: Display: Found up-to-date module file ../../../Engine/Plugins/Runtime/AudioCapture/Binaries/Win64/UE4Editor-AudioCaptureEditor.dll (API version 3944462).
LogModuleManager: Display: Found up-to-date module file ../../../Engine/Plugins/Runtime/CableComponent/Binaries/Win64/UE4Editor-CableComponent.dll (API version 3944462).
LogModuleManager: Display: Found up-to-date module file ../../../Engine/Plugins/Runtime/CustomMeshComponent/Binaries/Win64/UE4Editor-CustomMeshComponent.dll (API version 3944462).
LogModuleManager: Display: Found up-to-date module file ../../../Engine/Plugins/Runtime/ExampleDeviceProfileSelector/Binaries/Win64/UE4Editor-ExampleDeviceProfileSelector.dll (API version 3944462).
LogModuleManager: Display: Found up-to-date module file ../../../Engine/Plugins/Runtime/ImmediatePhysics/Binaries/Win64/UE4Editor-ImmediatePhysics.dll (API version 3944462).
LogModuleManager: Display: Found up-to-date module file ../../../Engine/Plugins/Runtime/ImmediatePhysics/Binaries/Win64/UE4Editor-ImmediatePhysicsEditor.dll (API version 3944462).
LogModuleManager: Display: Found up-to-date module file ../../../Engine/Plugins/Runtime/LocationServicesBPLibrary/Binaries/Win64/UE4Editor-LocationServicesBPLibrary.dll (API version 3944462).
LogModuleManager: Display: Found up-to-date module file ../../../Engine/Plugins/Runtime/MobilePatchingUtils/Binaries/Win64/UE4Editor-MobilePatchingUtils.dll (API version 3944462).
LogModuleManager: Display: Found up-to-date module file ../../../Engine/Plugins/Runtime/Oculus/OculusVR/Binaries/Win64/UE4Editor-OculusHMD.dll (API version 3944462).
LogModuleManager: Display: Found up-to-date module file ../../../Engine/Plugins/Runtime/Oculus/OculusVR/Binaries/Win64/UE4Editor-OculusInput.dll (API version 3944462).
LogModuleManager: Display: Found up-to-date module file ../../../Engine/Plugins/Runtime/Oculus/OculusVR/Binaries/Win64/UE4Editor-OculusEditor.dll (API version 3944462).
LogModuleManager: Display: Found up-to-date module file ../../../Engine/Plugins/Runtime/PhysXVehicles/Binaries/Win64/UE4Editor-PhysXVehicles.dll (API version 3944462).
LogModuleManager: Display: Found up-to-date module file ../../../Engine/Plugins/Runtime/PhysXVehicles/Binaries/Win64/UE4Editor-PhysXVehiclesEditor.dll (API version 3944462).
LogModuleManager: Display: Found up-to-date module file ../../../Engine/Plugins/Runtime/ProceduralMeshComponent/Binaries/Win64/UE4Editor-ProceduralMeshComponent.dll (API version 3944462).
LogModuleManager: Display: Found up-to-date module file ../../../Engine/Plugins/Runtime/ProceduralMeshComponent/Binaries/Win64/UE4Editor-ProceduralMeshComponentEditor.dll (API version 3944462).
LogModuleManager: Display: Found up-to-date module file ../../../Engine/Plugins/Runtime/RuntimePhysXCooking/Binaries/Win64/UE4Editor-RuntimePhysXCooking.dll (API version 3944462).
LogModuleManager: Display: Found up-to-date module file ../../../Engine/Plugins/Runtime/Steam/SteamVR/Binaries/Win64/UE4Editor-SteamVR.dll (API version 3944462).
LogModuleManager: Display: Found up-to-date module file ../../../Engine/Plugins/Runtime/Steam/SteamVR/Binaries/Win64/UE4Editor-SteamVRController.dll (API version 3944462).
LogModuleManager: Display: Found up-to-date module file ../../../Engine/Plugins/Runtime/WindowsMoviePlayer/Binaries/Win64/UE4Editor-WindowsMoviePlayer.dll (API version 3944462).
LogInit: Using libcurl 7.47.1
LogInit:  - built for x86_64-pc-win32
LogInit:  - supports SSL with OpenSSL/1.0.2g
LogInit:  - supports HTTP deflate (compression) using libz 1.2.8
LogInit:  - other features:
LogInit:      CURL_VERSION_SSL
LogInit:      CURL_VERSION_LIBZ
LogInit:      CURL_VERSION_IPV6
LogInit:      CURL_VERSION_ASYNCHDNS
LogInit:      CURL_VERSION_LARGEFILE
LogInit:      CURL_VERSION_IDN
LogInit:  CurlRequestOptions (configurable via config and command line):
LogInit:  - bVerifyPeer = false  - Libcurl will NOT verify peer certificate
LogInit:  - bUseHttpProxy = false  - Libcurl will NOT use HTTP proxy
LogInit:  - bDontReuseConnections = false  - Libcurl will reuse connections
LogInit:  - CertBundlePath = nullptr  - Libcurl will use whatever was configured at build time.
LogInit:  - MaxHostConnections = 16  - Libcurl will limit the number of connections to a host
LogInit:  - LocalHostAddr = Default
LogInit: WinSock: version 1.1 (2.2), MaxSocks=32767, MaxUdp=65467
LogInit: WinSock: I am DESKTOP-9B1DPBB (10.108.77.100:0)
LogInit: Build: ++UE4+Release-4.19-CL-3944462
LogInit: Engine Version: 4.19.0-3944462+++UE4+Release-4.19
LogInit: Compatible Engine Version: 4.19.0-3944462+++UE4+Release-4.19
LogInit: Net CL: 3944462
LogDevObjectVersion: Number of dev versions registered: 18
LogDevObjectVersion:   Dev-Blueprints (B0D832E4-1F89-4F0D-ACCF-7EB736FD4AA2): 10
LogDevObjectVersion:   Dev-Build (E1C64328-A22C-4D53-A36C-8E866417BD8C): 0
LogDevObjectVersion:   Dev-Core (375EC13C-06E4-48FB-B500-84F0262A717E): 2
LogDevObjectVersion:   Dev-Editor (E4B068ED-F494-42E9-A231-DA0B2E46BB41): 23
LogDevObjectVersion:   Dev-Framework (CFFC743F-43B0-4480-9391-14DF171D2073): 33
LogDevObjectVersion:   Dev-Mobile (B02B49B5-BB20-44E9-A304-32B752E40360): 2
LogDevObjectVersion:   Dev-Networking (A4E4105C-59A1-49B5-A7C5-40C4547EDFEE): 0
LogDevObjectVersion:   Dev-Online (39C831C9-5AE6-47DC-9A44-9C173E1C8E7C): 0
LogDevObjectVersion:   Dev-Physics (78F01B33-EBEA-4F98-B9B4-84EACCB95AA2): 0
LogDevObjectVersion:   Dev-Platform (6631380F-2D4D-43E0-8009-CF276956A95A): 0
LogDevObjectVersion:   Dev-Rendering (12F88B9F-8875-4AFC-A67C-D90C383ABD29): 25
LogDevObjectVersion:   Dev-Sequencer (7B5AE74C-D270-4C10-A958-57980B212A5A): 6
LogDevObjectVersion:   Dev-VR (D7296918-1DD6-4BDD-9DE2-64A83CC13884): 1
LogDevObjectVersion:   Dev-LoadTimes (C2A15278-BFE7-4AFE-6C17-90FF531DF755): 1
LogDevObjectVersion:   Private-Geometry (6EACA3D4-40EC-4CC1-B786-8BED09428FC5): 2
LogDevObjectVersion:   Dev-AnimPhys (29E575DD-E0A3-4627-9D10-D276232CDCEA): 16
LogDevObjectVersion:   Dev-ReflectionCapture (6B266CEC-1EC7-4B8F-A30B-E4D90942FC07): 1
LogDevObjectVersion:   Dev-Automation (0DF73D61-A23F-47EA-B727-89E90C41499A): 1
LogInit: Compiled (64-bit): Mar 13 2018 23:12:32
LogInit: Compiled with Visual C++: 19.00.24215.01
LogInit: Build Configuration: Development
LogInit: Branch Name: ++UE4+Release-4.19
LogInit: Command Line:  /Game/Levels/MainScreen -game -PIEVIACONSOLE -ResX=1280 -ResY=720  -Multiprocess -messaging -SessionName="Play in Standalone Game" -windowed 
LogInit: Base Directory: E:/Program Files/UE_4.19/Engine/Binaries/Win64/
LogInit: Installed Engine Build: 1
LogStreaming: Display: Took  0.001s to delete old logs.
LogInit: Presizing for max 8388607 objects, including 0 objects not considered by GC, pre-allocating 0 bytes for permanent pool.
LogInit: Object subsystem initialized
[2018.03.31-05.35.35:167][  0]LogInit: Selected Device Profile: [Windows]
[2018.03.31-05.35.35:167][  0]LogInit: Applying CVar settings loaded from the selected device profile: [Windows]
[2018.03.31-05.35.35:171][  0]LogInit: Computer: DESKTOP-9B1DPBB
[2018.03.31-05.35.35:171][  0]LogInit: User: Haczar
[2018.03.31-05.35.35:171][  0]LogInit: CPU Page size=4096, Cores=6
[2018.03.31-05.35.35:171][  0]LogInit: High frequency timer resolution =3.609376 MHz
[2018.03.31-05.35.35:171][  0]LogMemory: Memory total: Physical=15.9GB (16GB approx)
[2018.03.31-05.35.35:171][  0]LogMemory: Platform Memory Stats for Windows
[2018.03.31-05.35.35:171][  0]LogMemory: Process Physical Memory: 277.98 MB used, 277.98 MB peak
[2018.03.31-05.35.35:171][  0]LogMemory: Process Virtual Memory: 271.65 MB used, 271.65 MB peak
[2018.03.31-05.35.35:171][  0]LogMemory: Physical Memory: 9742.77 MB used,  6571.31 MB free, 16314.09 MB total
[2018.03.31-05.35.35:171][  0]LogMemory: Virtual Memory: 719.39 MB used,  6571.31 MB free, 134217728.00 MB total
[2018.03.31-05.35.35:193][  0]LogInit: Using OS detected language (en-US).
[2018.03.31-05.35.35:193][  0]LogInit: Using OS detected locale (en-US).
[2018.03.31-05.35.35:193][  0]LogTextLocalizationManager: No localization for 'en-US' exists, so 'en' will be used for the language.
[2018.03.31-05.35.35:193][  0]LogTextLocalizationManager: No localization for 'en-US' exists, so 'en' will be used for the locale.
[2018.03.31-05.35.35:522][  0]LogStreaming: Display: Took  0.328s to EndInitTextLocalization.
[2018.03.31-05.35.35:544][  0]LogSlate: New Slate User Created.  User Index 0, Is Virtual User: 0
[2018.03.31-05.35.35:544][  0]LogSlate: Slate User Registered.  User Index 0, Is Virtual User: 0
[2018.03.31-05.35.35:551][  0]LogD3D11RHI: D3D11 adapters:
[2018.03.31-05.35.35:610][  0]LogD3D11RHI:    0. 'NVIDIA GeForce GTX 1080 Ti' (Feature Level 11_0)
[2018.03.31-05.35.35:610][  0]LogD3D11RHI:       11127/0/8157 MB DedicatedVideo/DedicatedSystem/SharedSystem, Outputs:2, VendorId:0x10de
[2018.03.31-05.35.35:612][  0]LogD3D11RHI:    1. 'Microsoft Basic Render Driver' (Feature Level 11_0)
[2018.03.31-05.35.35:612][  0]LogD3D11RHI:       0/0/8157 MB DedicatedVideo/DedicatedSystem/SharedSystem, Outputs:0, VendorId:0x1414
[2018.03.31-05.35.35:612][  0]LogD3D11RHI: Chosen D3D11 Adapter: 0
[2018.03.31-05.35.35:619][  0]LogD3D11RHI: Creating new Direct3DDevice
[2018.03.31-05.35.35:619][  0]LogD3D11RHI:     GPU DeviceId: 0x1b06 (for the marketing name, search the web for "GPU Device Id")
[2018.03.31-05.35.35:619][  0]LogWindows: EnumDisplayDevices:
[2018.03.31-05.35.35:620][  0]LogWindows:    0. 'NVIDIA GeForce GTX 1080 Ti' (P:0 D:1)
[2018.03.31-05.35.35:620][  0]LogWindows:    1. 'NVIDIA GeForce GTX 1080 Ti' (P:1 D:1)
[2018.03.31-05.35.35:620][  0]LogWindows:    2. 'NVIDIA GeForce GTX 1080 Ti' (P:0 D:0)
[2018.03.31-05.35.35:620][  0]LogWindows:    3. 'NVIDIA GeForce GTX 1080 Ti' (P:0 D:0)
[2018.03.31-05.35.35:620][  0]LogWindows: DebugString: GetVideoDriverDetailsInvalid PrimaryIsNotTheChoosenAdapter GetVideoDriverDetailsInvalid PrimaryIsNotTheChoosenAdapter GetVideoDriverDetailsInvalid PrimaryIsNotTheChoosenAdapter GetVideoDriverDetailsInvalid PrimaryIsNotTheChoosenAdapter FoundDriverCount:0 
[2018.03.31-05.35.35:620][  0]LogD3D11RHI:     Adapter Name: NVIDIA GeForce GTX 1080 Ti
[2018.03.31-05.35.35:620][  0]LogD3D11RHI:   Driver Version: Unknown (internal:Unknown, unified:Unknown)
[2018.03.31-05.35.35:620][  0]LogD3D11RHI:      Driver Date: Unknown
[2018.03.31-05.35.35:620][  0]LogRHI: Texture pool is 7788 MB (70% of 11127 MB)
[2018.03.31-05.35.35:649][  0]LogD3D11RHI: [Aftermath] Aftermath enabled and primed
[2018.03.31-05.35.35:649][  0]LogD3D11RHI: Async texture creation enabled
[2018.03.31-05.35.35:693][  0]LogD3D11RHI: GPU Timing Frequency: 1000.000000 (Debug: 2 2)
[2018.03.31-05.35.35:779][  0]LogShaderCompilers: Guid format shader working directory is -24 characters bigger than the processId version (../../../../../Projects/Github/Asteroids_a_la_Mode/Asteroids_A_La_Mode/Intermediate/Shaders/WorkingDirectory/15100/).
[2018.03.31-05.35.35:779][  0]LogShaderCompilers: Cleaned the shader compiler working directory 'C:/Users/Haczar/AppData/Local/Temp/UnrealShaderWorkingDir/59BDC4D24CD708264EC48DA565B82FFF/'.
[2018.03.31-05.35.36:705][  0]LogTemp: Display: Loaded TP WindowsClientTargetPlatform
[2018.03.31-05.35.36:716][  0]LogTemp: Display: Loaded TP WindowsNoEditorTargetPlatform
[2018.03.31-05.35.36:726][  0]LogTemp: Display: Loaded TP WindowsServerTargetPlatform
[2018.03.31-05.35.36:736][  0]LogTemp: Display: Loaded TP WindowsTargetPlatform
[2018.03.31-05.35.36:736][  0]LogTargetPlatformManager: Display: Building Assets For Windows
[2018.03.31-05.35.36:845][  0]LogXGEController: Cannot use XGE Controller as Incredibuild is not installed on this machine.
[2018.03.31-05.35.36:845][  0]LogShaderCompilers: Cannot use XGE Shader Compiler as Incredibuild is not installed on this machine.
[2018.03.31-05.35.36:845][  0]LogShaderCompilers: Display: Using Local Shader Compiler.
[2018.03.31-05.35.37:350][  0]LogDerivedDataCache: Display: Max Cache Size: 512 MB
[2018.03.31-05.35.37:354][  0]LogDerivedDataCache: Loaded boot cache 0.00s 5MB C:/Users/Haczar/AppData/Local/UnrealEngine/4.19/DerivedDataCache/Boot.ddc.
[2018.03.31-05.35.37:354][  0]LogDerivedDataCache: Display: Loaded Boot cache: C:/Users/Haczar/AppData/Local/UnrealEngine/4.19/DerivedDataCache/Boot.ddc
[2018.03.31-05.35.37:354][  0]LogDerivedDataCache: FDerivedDataBackendGraph:  Pak pak cache file ../../../../../Projects/Github/Asteroids_a_la_Mode/Asteroids_A_La_Mode/DerivedDataCache/DDC.ddp not found, will not use a pak cache.
[2018.03.31-05.35.37:354][  0]LogDerivedDataCache: Unable to find inner node Pak for hierarchical cache Hierarchy.
[2018.03.31-05.35.37:354][  0]LogDerivedDataCache: FDerivedDataBackendGraph:  CompressedPak pak cache file ../../../../../Projects/Github/Asteroids_a_la_Mode/Asteroids_A_La_Mode/DerivedDataCache/Compressed.ddp not found, will not use a pak cache.
[2018.03.31-05.35.37:354][  0]LogDerivedDataCache: Unable to find inner node CompressedPak for hierarchical cache Hierarchy.
[2018.03.31-05.35.37:365][  0]LogDerivedDataCache: Display: Pak cache opened for reading ../../../Engine/DerivedDataCache/Compressed.ddp.
[2018.03.31-05.35.37:377][  0]LogDerivedDataCache: Using Local data cache path C:/Users/Haczar/AppData/Local/UnrealEngine/Common/DerivedDataCache: Writable
[2018.03.31-05.35.37:393][  0]LogMaterial: Verifying Global Shaders for PCD3D_SM5
[2018.03.31-05.35.37:393][  0]LogSlate: Using Freetype 2.6.0
[2018.03.31-05.35.37:394][  0]LogSlate: SlateFontCache - WITH_FREETYPE: 1, WITH_HARFBUZZ: 1
[2018.03.31-05.35.37:394][  0]LogSlate: SlateFontCache - WITH_FREETYPE: 1, WITH_HARFBUZZ: 1
[2018.03.31-05.35.37:539][  0]LogAssetRegistry: FAssetRegistry took 0.0032 seconds to start up
[2018.03.31-05.35.37:679][  0]LogPackageLocalizationCache: Processed 9 localized package path(s) for 1 prioritized culture(s) in 0.007172 seconds
[2018.03.31-05.35.37:750][  0]LogInit: Selected Device Profile: [Windows]
[2018.03.31-05.35.37:868][  0]LogSimplygon: Simplygon DLL not present - disabling.
[2018.03.31-05.35.37:870][  0]LogMeshReduction: Using SimplygonSwarm for distributed automatic mesh merging
[2018.03.31-05.35.37:870][  0]LogMeshReduction: Using QuadricMeshReduction for automatic static mesh reduction
[2018.03.31-05.35.37:870][  0]LogMeshReduction: No automatic skeletal mesh reduction module available
[2018.03.31-05.35.37:870][  0]LogMeshReduction: No automatic mesh merging module available
[2018.03.31-05.35.37:870][  0]LogMeshMerging: No automatic mesh merging module available
[2018.03.31-05.35.37:905][  0]LogNetVersion: Asteroids_A_La_Mode , NetCL: 3944462, EngineNetVer: 2, GameNetVer: 0 (Checksum: 515911077)
[2018.03.31-05.35.38:513][  0]LogMoviePlayer: Initializing movie player
[2018.03.31-05.35.38:797][  0]LogTcpMessaging: Initializing TcpMessaging bridge
[2018.03.31-05.35.38:830][  0]LogUdpMessaging: Initializing bridge on interface 0.0.0.0:0 to multicast group 230.0.0.1:6666.
[2018.03.31-05.35.39:106][  0]SourceControl: Source control is disabled
[2018.03.31-05.35.39:106][  0]SourceControl: Source control is disabled
[2018.03.31-05.35.39:128][  0]SourceControl: Source control is disabled
[2018.03.31-05.35.39:492][  0]LogAndroidPermission: UAndroidPermissionCallbackProxy::GetInstance
[2018.03.31-05.35.39:665][  0]LogOcInput: OculusInput pre-init called
[2018.03.31-05.35.39:710][  0]LogUObjectArray: 40128 objects as part of root set at end of initial load.
[2018.03.31-05.35.39:710][  0]LogUObjectAllocator: 8366368 out of 0 bytes used by permanent object pool.
[2018.03.31-05.35.39:710][  0]LogUObjectArray: CloseDisregardForGC: 0/0 objects in disregard for GC pool
[2018.03.31-05.35.39:753][  0]LogEngine: Initializing Engine...
[2018.03.31-05.35.39:778][  0]LogHMD: Failed to initialize OpenVR with code 126
[2018.03.31-05.35.39:790][  0]LogStats: UGameplayTagsManager::ConstructGameplayTagTree: Construct from data asset -  0.000 s
[2018.03.31-05.35.39:790][  0]LogStats: UGameplayTagsManager::ConstructGameplayTagTree: GameplayTagTreeChangedEvent.Broadcast -  0.000 s
[2018.03.31-05.35.40:049][  0]LogInit: XAudio2 using 'Speakers (High Definition Audio Device)' : 2 channels at 48 kHz using 16 bits per sample (channel mask 0x3)
[2018.03.31-05.35.40:060][  0]LogInit: FAudioDevice initialized.
[2018.03.31-05.35.40:083][  0]LogInit: Texture streaming: Enabled
[2018.03.31-05.35.40:669][  0]LogMaterial: Missing cached shader map for material UFO_texture2, compiling. 
[2018.03.31-05.35.40:670][  0]LogMaterial: Warning: E:\Projects\Github\Asteroids_a_la_Mode\Asteroids_A_La_Mode\Content\Enemy\Materials\UFO_texture2.uasset: Failed to compile Material for platform PCD3D_SM5, Default Material will be used in game.
[2018.03.31-05.35.40:670][  0]LogMaterial: 	(Node TextureSample) TextureSample> Sampler type is Color, should be Linear Color for /Game/Enemy/Textures/ufo_diffuse2.ufo_diffuse2
[2018.03.31-05.35.40:701][  0]LogInit: Display: Game Engine Initialized.
[2018.03.31-05.35.40:701][  0]LogGameplayTags: Display: UGameplayTagsManager::DoneAddingNativeTags. DelegateIsBound: 0
[2018.03.31-05.35.40:701][  0]LogStats: UGameplayTagsManager::ConstructGameplayTagTree: Construct from data asset -  0.000 s
[2018.03.31-05.35.40:701][  0]LogStats: UGameplayTagsManager::ConstructGameplayTagTree: GameplayTagTreeChangedEvent.Broadcast -  0.000 s
[2018.03.31-05.35.40:810][  0]LogInit: Display: Starting Game.
[2018.03.31-05.35.40:810][  0]LogNet: Browse: /Game/Levels/MainScreen?Name=Player
[2018.03.31-05.35.40:810][  0]LogLoad: LoadMap: /Game/Levels/MainScreen?Name=Player
[2018.03.31-05.35.40:837][  0]LogAIModule: Creating AISystem for world MainScreen
[2018.03.31-05.35.40:838][  0]LogLoad: Game class is 'DebugMode_C'
[2018.03.31-05.35.40:839][  0]LogWorld: Bringing World /Game/Levels/MainScreen.MainScreen up for play (max tick rate 0) at 2018.03.31-01.35.40
[2018.03.31-05.35.40:839][  0]LogWorld: Bringing up level for play took: 0.000416
[2018.03.31-05.35.40:839][  0]LogGameMode: FindPlayerStart: PATHS NOT DEFINED or NO PLAYERSTART with positive rating
[2018.03.31-05.35.40:839][  0]LogSpawn: Warning: SpawnActor failed because no class was specified
[2018.03.31-05.35.40:841][  0]LogBlueprintUserMessages: [DebugMode_C_0] OnPostLogin called.
[2018.03.31-05.35.40:841][  0]LogBlueprintUserMessages: [DebugState_C_0] Player 1 Ref Set.
[2018.03.31-05.35.40:841][  0]LogBlueprintUserMessages: [PlayerC_Regular_C_0] OnPostLogin called.
[2018.03.31-05.35.40:841][  0]LogGameMode: Display: Match State Changed from EnteringMap to WaitingToStart
[2018.03.31-05.35.40:841][  0]LogGameState: Match State Changed from EnteringMap to WaitingToStart
[2018.03.31-05.35.40:841][  0]LogGameMode: Display: Match State Changed from WaitingToStart to InProgress
[2018.03.31-05.35.40:841][  0]LogScript: Warning: Accessed None trying to read property User Info
	DebugInstance_C /Engine/Transient.GameEngine_0:DebugInstance_C_0
	Function /Game/Modes/Debug/DebugInstance.DebugInstance_C:ExecuteUbergraph_DebugInstance:00AF
[2018.03.31-05.35.40:841][  0]LogScript: Warning: Script call stack:
	Function /Game/Modes/Debug/DebugMode.DebugMode_C:ReceiveBeginPlay
	Function /Game/Modes/Debug/DebugMode.DebugMode_C:ExecuteUbergraph_DebugMode
	Function /Game/Modes/Debug/DebugInstance.DebugInstance_C:Load Settings
	Function /Game/Modes/Debug/DebugInstance.DebugInstance_C:ExecuteUbergraph_DebugInstance

[2018.03.31-05.35.40:841][  0]LogBlueprintUserMessages: [DebugMode_C_0] BeginPlay called.
[2018.03.31-05.35.40:841][  0]LogBlueprintUserMessages: [MainScreen_C_0] BeginPlay called.
[2018.03.31-05.35.40:841][  0]LogBlueprintUserMessages: [DebugState_C_0] Player 1 Start Ref set.
[2018.03.31-05.35.40:841][  0]LogBlueprintUserMessages: [MainScreen_C_0] Sucessful cast to DInstance.
[2018.03.31-05.35.40:841][  0]LogBlueprintUserMessages: [DebugInstance_C_0] DebugM to MM called.
[2018.03.31-05.35.40:841][  0]LogBlueprintUserMessages: [DebugState_C_0] State sucessfully set.
[2018.03.31-05.35.40:841][  0]LogBlueprintUserMessages: [DebugMode_C_0] State change called.
[2018.03.31-05.35.40:841][  0]LogBlueprintUserMessages: [DebugMode_C_0] Setup Main Menu called.
[2018.03.31-05.35.40:841][  0]LogBlueprintUserMessages: [PlayerC_Regular_C_0] BeginPlay called.
[2018.03.31-05.35.40:843][  0]LogBlueprintUserMessages: [MainScreen_C_0] Current GM ^^
[2018.03.31-05.35.40:843][  0]LogBlueprintUserMessages: [MainScreen_C_0] MainScreen
[2018.03.31-05.35.40:843][  0]LogGameState: Match State Changed from WaitingToStart to InProgress
[2018.03.31-05.35.40:843][  0]LogLoad: Took 0.032432 seconds to LoadMap(/Game/Levels/MainScreen)
[2018.03.31-05.35.40:902][  0]LogLoad: (Engine Initialization) Total time: 8.85 seconds
[2018.03.31-05.35.40:902][  0]LogLoad: (Engine Initialization) Total Blueprint compile time: 0.00 seconds
[2018.03.31-05.35.40:922][  0]LogRenderer: Reallocating scene render targets to support 1280x720 Format 10 NumSamples 1 (Frame:1).
[2018.03.31-05.35.40:955][  0]LogWindowsTextInputMethodSystem: Display: IME system now deactivated.
[2018.03.31-05.35.40:958][  0]LogContentStreaming: Texture pool size now 1000 MB
[2018.03.31-05.35.43:363][149]LogBlueprintUserMessages: [MenuPawn_C_0] Menu Down Pressd.
[2018.03.31-05.35.43:476][156]LogScript: Warning: Accessed None trying to read property K2Node_DynamicCast_AsMenu_Base4
	MenuPawn_C /Game/Levels/MainScreen.MainScreen:PersistentLevel.MenuPawn_C_0
	Function /Game/Player/MenuPawn.MenuPawn_C:ExecuteUbergraph_MenuPawn:00F7
[2018.03.31-05.35.43:476][156]LogScript: Warning: Script call stack:
	Function /Game/Player/MenuPawn.MenuPawn_C:InpActEvt_Menu Down_K2Node_InputActionEvent_5
	Function /Game/Player/MenuPawn.MenuPawn_C:ExecuteUbergraph_MenuPawn

[2018.03.31-05.35.43:766][174]LogBlueprintUserMessages: [MenuPawn_C_0] Menu Down Pressd.
[2018.03.31-05.35.43:879][181]LogScript: Warning: Accessed None trying to read property K2Node_DynamicCast_AsMenu_Base4
	MenuPawn_C /Game/Levels/MainScreen.MainScreen:PersistentLevel.MenuPawn_C_0
	Function /Game/Player/MenuPawn.MenuPawn_C:ExecuteUbergraph_MenuPawn:00F7
[2018.03.31-05.35.43:879][181]LogScript: Warning: Script call stack:
	Function /Game/Player/MenuPawn.MenuPawn_C:InpActEvt_Menu Down_K2Node_InputActionEvent_5
	Function /Game/Player/MenuPawn.MenuPawn_C:ExecuteUbergraph_MenuPawn

[2018.03.31-05.35.44:057][192]LogBlueprintUserMessages: [MenuPawn_C_0] Menu Select Pressed.
[2018.03.31-05.35.44:057][192]LogBlueprintUserMessages: [MainScreen_C_0] Menu Select called.
[2018.03.31-05.35.44:057][192]LogBlueprintUserMessages: [PlayerC_Regular_C_0] Widget removed.
[2018.03.31-05.35.44:637][228]LogBlueprintUserMessages: [MenuPawn_C_0] Menu Down Pressd.
[2018.03.31-05.35.44:831][240]LogBlueprintUserMessages: [MenuPawn_C_0] Menu Down Pressd.
[2018.03.31-05.35.45:008][251]LogBlueprintUserMessages: [MenuPawn_C_0] Menu Down Pressd.
[2018.03.31-05.35.45:299][269]LogBlueprintUserMessages: [MenuPawn_C_0] Menu Select Pressed.
[2018.03.31-05.35.47:218][388]LogBlueprintUserMessages: [MenuPawn_C_0] Menu Down Pressd.
[2018.03.31-05.35.48:992][498]LogBlueprintUserMessages: [MenuPawn_C_0] Menu Up Pressed.
[2018.03.31-05.35.49:831][550]LogBlueprintUserMessages: [MenuPawn_C_0] Menu Up Pressed.
[2018.03.31-05.35.51:815][673]LogBlueprintUserMessages: [MenuPawn_C_0] Menu Down Pressd.
[2018.03.31-05.35.53:621][785]LogBlueprintUserMessages: [MenuPawn_C_0] Menu Up Pressed.
[2018.03.31-05.35.55:379][894]LogBlueprintUserMessages: [MenuPawn_C_0] Menu Down Pressd.
[2018.03.31-05.35.55:525][903]LogBlueprintUserMessages: [MenuPawn_C_0] Menu Down Pressd.
[2018.03.31-05.35.55:686][913]LogBlueprintUserMessages: [MenuPawn_C_0] Menu Down Pressd.
[2018.03.31-05.35.55:799][920]LogBlueprintUserMessages: [MenuPawn_C_0] Menu Down Pressd.
[2018.03.31-05.35.55:912][927]LogBlueprintUserMessages: [MenuPawn_C_0] Menu Down Pressd.
[2018.03.31-05.35.56:024][934]LogBlueprintUserMessages: [MenuPawn_C_0] Menu Down Pressd.
[2018.03.31-05.35.56:154][942]LogBlueprintUserMessages: [MenuPawn_C_0] Menu Down Pressd.
[2018.03.31-05.35.56:896][988]LogBlueprintUserMessages: [MenuPawn_C_0] Menu Down Pressd.
[2018.03.31-05.35.57:250][ 10]LogBlueprintUserMessages: [MenuPawn_C_0] Menu Down Pressd.
[2018.03.31-05.35.57:428][ 21]LogBlueprintUserMessages: [MenuPawn_C_0] Menu Down Pressd.
[2018.03.31-05.35.57:621][ 33]LogBlueprintUserMessages: [MenuPawn_C_0] Menu Down Pressd.
[2018.03.31-05.35.57:945][ 53]LogBlueprintUserMessages: [MenuPawn_C_0] Menu Down Pressd.
[2018.03.31-05.35.58:283][ 74]LogBlueprintUserMessages: [MenuPawn_C_0] Menu Down Pressd.
[2018.03.31-05.35.58:686][ 99]LogBlueprintUserMessages: [MenuPawn_C_0] Menu Down Pressd.
[2018.03.31-05.35.59:106][125]LogBlueprintUserMessages: [MenuPawn_C_0] Menu Down Pressd.
[2018.03.31-05.35.59:638][158]LogBlueprintUserMessages: [MenuPawn_C_0] Menu Down Pressd.
[2018.03.31-05.35.59:944][177]LogBlueprintUserMessages: [MenuPawn_C_0] Menu Down Pressd.
[2018.03.31-05.36.00:282][198]LogBlueprintUserMessages: [MenuPawn_C_0] Menu Down Pressd.
[2018.03.31-05.36.00:621][219]LogBlueprintUserMessages: [MenuPawn_C_0] Menu Down Pressd.
[2018.03.31-05.36.01:009][243]LogBlueprintUserMessages: [MenuPawn_C_0] Menu Down Pressd.
[2018.03.31-05.36.01:363][265]LogBlueprintUserMessages: [MenuPawn_C_0] Menu Down Pressd.
[2018.03.31-05.36.01:815][293]LogBlueprintUserMessages: [MenuPawn_C_0] Menu Down Pressd.
[2018.03.31-05.36.02:234][319]LogBlueprintUserMessages: [MenuPawn_C_0] Menu Down Pressd.
[2018.03.31-05.36.02:589][341]LogBlueprintUserMessages: [MenuPawn_C_0] Menu Down Pressd.
[2018.03.31-05.36.02:960][364]LogBlueprintUserMessages: [MenuPawn_C_0] Menu Down Pressd.
[2018.03.31-05.36.03:364][389]LogBlueprintUserMessages: [MenuPawn_C_0] Menu Down Pressd.
[2018.03.31-05.36.03:718][411]LogBlueprintUserMessages: [MenuPawn_C_0] Menu Down Pressd.
[2018.03.31-05.36.04:089][434]LogBlueprintUserMessages: [MenuPawn_C_0] Menu Down Pressd.
[2018.03.31-05.36.04:477][458]LogBlueprintUserMessages: [MenuPawn_C_0] Menu Down Pressd.
[2018.03.31-05.36.04:831][480]LogBlueprintUserMessages: [MenuPawn_C_0] Menu Down Pressd.
[2018.03.31-05.36.05:251][506]LogBlueprintUserMessages: [MenuPawn_C_0] Menu Down Pressd.
[2018.03.31-05.36.05:686][533]LogBlueprintUserMessages: [MenuPawn_C_0] Menu Down Pressd.
[2018.03.31-05.36.06:331][573]LogBlueprintUserMessages: [MenuPawn_C_0] Menu Down Pressd.
[2018.03.31-05.36.08:152][684]LogSlate: Window 'Asteroids a La Mode' being destroyed
[2018.03.31-05.36.08:152][684]LogWindowsTextInputMethodSystem: Display: IME system now deactivated.
[2018.03.31-05.36.08:156][684]LogWindowsTextInputMethodSystem: Display: IME system now deactivated.
[2018.03.31-05.36.08:157][684]LogBlueprintUserMessages: [DebugMode_C_0] Player: 
[2018.03.31-05.36.08:157][684]LogBlueprintUserMessages: [DebugMode_C_0] PlayerC_Regular_C_0
[2018.03.31-05.36.08:157][684]LogBlueprintUserMessages: [DebugMode_C_0] Logged out
[2018.03.31-05.36.08:157][684]LogEngine: All Windows Closed
[2018.03.31-05.36.08:157][684]LogWindows: FPlatformMisc::RequestExit(0)
[2018.03.31-05.36.08:792][685]LogSlate: Slate User Destroyed.  User Index 0, Is Virtual User: 0
[2018.03.31-05.36.08:792][685]LogExit: Preparing to exit.
[2018.03.31-05.36.08:792][685]LogMoviePlayer: Shutting down movie player
[2018.03.31-05.36.09:868][685]LogExit: Game engine shut down
[2018.03.31-05.36.09:915][685]LogExit: Object subsystem successfully closed.
[2018.03.31-05.36.09:931][685]LogShaderCompilers: Display: Shaders left to compile 0
[2018.03.31-05.36.09:933][685]LogD3D11RHI: Shutdown
[2018.03.31-05.36.09:933][685]LogD3D11RHI: CleanupD3DDevice
[2018.03.31-05.36.09:934][685]LogD3D11RHI: ~FD3D11DynamicRHI
[2018.03.31-05.36.09:937][685]LogModuleManager: Shutting down and abandoning module SequenceRecorderSections (336)
[2018.03.31-05.36.09:937][685]LogModuleManager: Shutting down and abandoning module SequenceRecorder (334)
[2018.03.31-05.36.09:937][685]LogModuleManager: Shutting down and abandoning module AutomationController (332)
[2018.03.31-05.36.09:938][685]LogModuleManager: Shutting down and abandoning module AutomationWorker (330)
[2018.03.31-05.36.09:938][685]LogModuleManager: Shutting down and abandoning module Voice (328)
[2018.03.31-05.36.09:938][685]LogModuleManager: Shutting down and abandoning module AIModule (326)
[2018.03.31-05.36.09:938][685]LogModuleManager: Shutting down and abandoning module GameplayDebugger (325)
[2018.03.31-05.36.09:938][685]LogModuleManager: Shutting down and abandoning module AITestSuite (323)
[2018.03.31-05.36.09:938][685]LogModuleManager: Shutting down and abandoning module WmfMediaFactory (320)
[2018.03.31-05.36.09:938][685]LogModuleManager: Shutting down and abandoning module OpenExrWrapper (318)
[2018.03.31-05.36.09:938][685]LogModuleManager: Shutting down and abandoning module ImgMediaFactory (316)
[2018.03.31-05.36.09:938][685]LogModuleManager: Shutting down and abandoning module AvfMediaFactory (314)
[2018.03.31-05.36.09:938][685]LogModuleManager: Shutting down and abandoning module CharacterAI (312)
[2018.03.31-05.36.09:938][685]LogModuleManager: Shutting down and abandoning module SessionServices (310)
[2018.03.31-05.36.09:938][685]LogModuleManager: Shutting down and abandoning module MovieSceneCapture (308)
[2018.03.31-05.36.09:938][685]LogModuleManager: Shutting down and abandoning module MovieSceneTracks (306)
[2018.03.31-05.36.09:938][685]LogModuleManager: Shutting down and abandoning module MovieScene (304)
[2018.03.31-05.36.09:938][685]LogModuleManager: Shutting down and abandoning module GeometryCache (302)
[2018.03.31-05.36.09:938][685]LogModuleManager: Shutting down and abandoning module GeometryCacheEd (301)
[2018.03.31-05.36.09:938][685]LogModuleManager: Shutting down and abandoning module StreamingPauseRendering (298)
[2018.03.31-05.36.09:938][685]LogModuleManager: Shutting down and abandoning module PortalServices (296)
[2018.03.31-05.36.09:938][685]LogModuleManager: Shutting down and abandoning module PortalRpc (294)
[2018.03.31-05.36.09:938][685]LogModuleManager: Shutting down and abandoning module MessagingRpc (292)
[2018.03.31-05.36.09:938][685]LogModuleManager: Shutting down and abandoning module ProfilerService (290)
[2018.03.31-05.36.10:013][685]LogModuleManager: Shutting down and abandoning module TaskGraph (288)
[2018.03.31-05.36.10:013][685]LogModuleManager: Shutting down and abandoning module SteamVRController (286)
[2018.03.31-05.36.10:013][685]LogModuleManager: Shutting down and abandoning module ProceduralMeshComponent (284)
[2018.03.31-05.36.10:013][685]LogModuleManager: Shutting down and abandoning module OculusInput (282)
[2018.03.31-05.36.10:013][685]LogModuleManager: Shutting down and abandoning module MobilePatchingUtils (280)
[2018.03.31-05.36.10:013][685]LogModuleManager: Shutting down and abandoning module CustomMeshComponent (278)
[2018.03.31-05.36.10:013][685]LogModuleManager: Shutting down and abandoning module CableComponent (276)
[2018.03.31-05.36.10:013][685]LogModuleManager: Shutting down and abandoning module AudioCapture (274)
[2018.03.31-05.36.10:013][685]LogModuleManager: Shutting down and abandoning module ArchVisCharacter (272)
[2018.03.31-05.36.10:013][685]LogModuleManager: Shutting down and abandoning module AndroidPermission (270)
[2018.03.31-05.36.10:013][685]LogModuleManager: Shutting down and abandoning module NUTUnrealEngine4 (268)
[2018.03.31-05.36.10:013][685]LogModuleManager: Shutting down and abandoning module NetcodeUnitTest (266)
[2018.03.31-05.36.10:013][685]LogModuleManager: Shutting down and abandoning module MediaCompositing (264)
[2018.03.31-05.36.10:013][685]LogModuleManager: Shutting down and abandoning module LinearTimecode (262)
[2018.03.31-05.36.10:013][685]LogModuleManager: Shutting down and abandoning module ImgMedia (260)
[2018.03.31-05.36.10:015][685]LogModuleManager: Shutting down and abandoning module HTML5Networking (258)
[2018.03.31-05.36.10:015][685]LogModuleManager: Shutting down and abandoning module DatasmithContent (256)
[2018.03.31-05.36.10:015][685]LogModuleManager: Shutting down and abandoning module CryptoKeysOpenSSL (254)
[2018.03.31-05.36.10:015][685]LogModuleManager: Shutting down and abandoning module CryptoKeys (252)
[2018.03.31-05.36.10:015][685]LogModuleManager: Shutting down and abandoning module VisualStudioSourceCodeAccess (250)
[2018.03.31-05.36.10:015][685]LogModuleManager: Shutting down and abandoning module HotReload (249)
[2018.03.31-05.36.10:015][685]LogDirectoryWatcher: A directory notification for 'E:/Projects/Github/Asteroids_a_la_Mode/Asteroids_A_La_Mode/Binaries/Win64' was aborted.
[2018.03.31-05.36.10:015][685]LogModuleManager: Shutting down and abandoning module DirectoryWatcher (248)
[2018.03.31-05.36.10:015][685]LogModuleManager: Shutting down and abandoning module VisualStudioCodeSourceCodeAccess (244)
[2018.03.31-05.36.10:015][685]LogModuleManager: Shutting down and abandoning module UObjectPlugin (242)
[2018.03.31-05.36.10:015][685]LogModuleManager: Shutting down and abandoning module SubversionSourceControl (240)
[2018.03.31-05.36.10:015][685]LogModuleManager: Shutting down and abandoning module PerforceSourceControl (238)
[2018.03.31-05.36.10:015][685]LogModuleManager: Shutting down and abandoning module SourceControl (237)
[2018.03.31-05.36.10:015][685]LogModuleManager: Shutting down and abandoning module CLionSourceCodeAccess (234)
[2018.03.31-05.36.10:015][685]LogModuleManager: Shutting down and abandoning module Asteroids_A_La_Mode (232)
[2018.03.31-05.36.10:015][685]LogModuleManager: Shutting down and abandoning module RuntimePhysXCooking (230)
[2018.03.31-05.36.10:015][685]LogModuleManager: Shutting down and abandoning module PhysXVehiclesEditor (228)
[2018.03.31-05.36.10:015][685]LogModuleManager: Shutting down and abandoning module PhysXVehicles (226)
[2018.03.31-05.36.10:015][685]LogModuleManager: Shutting down and abandoning module LocationServicesBPLibrary (224)
[2018.03.31-05.36.10:015][685]LogModuleManager: Shutting down and abandoning module ImmediatePhysicsEditor (222)
[2018.03.31-05.36.10:015][685]LogModuleManager: Shutting down and abandoning module ImmediatePhysics (220)
[2018.03.31-05.36.10:015][685]LogModuleManager: Shutting down and abandoning module ActorSequence (218)
[2018.03.31-05.36.10:015][685]LogModuleManager: Shutting down and abandoning module UdpMessaging (216)
[2018.03.31-05.36.10:115][685]LogModuleManager: Shutting down and abandoning module TcpMessaging (214)
[2018.03.31-05.36.10:810][685]LogModuleManager: Shutting down and abandoning module GameplayTagsEditor (212)
[2018.03.31-05.36.10:810][685]LogModuleManager: Shutting down and abandoning module FacialAnimation (210)
[2018.03.31-05.36.10:810][685]LogModuleManager: Shutting down and abandoning module DataValidation (208)
[2018.03.31-05.36.10:810][685]LogModuleManager: Shutting down and abandoning module AssetManagerEditor (206)
[2018.03.31-05.36.10:810][685]LogModuleManager: Shutting down and abandoning module TreeMap (205)
[2018.03.31-05.36.10:810][685]LogModuleManager: Shutting down and abandoning module LightPropagationVolumeRuntime (202)
[2018.03.31-05.36.10:810][685]LogModuleManager: Shutting down and abandoning module LiveLink (200)
[2018.03.31-05.36.11:674][685]LogModuleManager: Shutting down and abandoning module Paper2D (198)
[2018.03.31-05.36.11:674][685]LogModuleManager: Shutting down and abandoning module PIEPreviewDeviceProfileSelector (196)
[2018.03.31-05.36.11:674][685]LogModuleManager: Shutting down and abandoning module WindowsMoviePlayer (194)
[2018.03.31-05.36.11:674][685]LogModuleManager: Shutting down and abandoning module WmfMedia (192)
[2018.03.31-05.36.11:675][685]LogModuleManager: Shutting down and abandoning module PacketHandler (190)
[2018.03.31-05.36.11:675][685]LogModuleManager: Shutting down and abandoning module ClothingSystemEditor (188)
[2018.03.31-05.36.11:675][685]LogModuleManager: Shutting down and abandoning module ClothingSystemRuntime (186)
[2018.03.31-05.36.11:675][685]LogModuleManager: Shutting down and abandoning module MediaAssets (184)
[2018.03.31-05.36.11:675][685]LogModuleManager: Shutting down and abandoning module Media (183)
[2018.03.31-05.36.11:680][685]LogModuleManager: Shutting down and abandoning module Overlay (180)
[2018.03.31-05.36.11:680][685]LogModuleManager: Shutting down and abandoning module OverlayEditor (179)
[2018.03.31-05.36.11:680][685]LogModuleManager: Shutting down and abandoning module VREditor (176)
[2018.03.31-05.36.11:680][685]LogModuleManager: Shutting down and abandoning module StringTableEditor (174)
[2018.03.31-05.36.11:680][685]LogModuleManager: Shutting down and abandoning module GameplayTasksEditor (172)
[2018.03.31-05.36.11:680][685]LogModuleManager: Shutting down and abandoning module BehaviorTreeEditor (170)
[2018.03.31-05.36.11:680][685]LogModuleManager: Shutting down and abandoning module FunctionalTesting (168)
[2018.03.31-05.36.11:680][685]LogModuleManager: Shutting down and abandoning module CollisionAnalyzer (166)
[2018.03.31-05.36.11:681][685]LogModuleManager: Shutting down and abandoning module WorkspaceMenuStructure (165)
[2018.03.31-05.36.11:681][685]LogModuleManager: Shutting down and abandoning module UMG (162)
[2018.03.31-05.36.11:681][685]LogModuleManager: Shutting down and abandoning module UMGEditor (161)
[2018.03.31-05.36.11:681][685]LogModuleManager: Shutting down and abandoning module Sequencer (160)
[2018.03.31-05.36.11:681][685]LogModuleManager: Shutting down and abandoning module MessageLog (157)
[2018.03.31-05.36.11:681][685]LogModuleManager: Shutting down and abandoning module SlateReflector (152)
[2018.03.31-05.36.11:681][685]LogModuleManager: Shutting down and abandoning module Slate (150)
[2018.03.31-05.36.11:681][685]LogModuleManager: Shutting down and abandoning module EditorStyle (148)
[2018.03.31-05.36.11:682][685]LogModuleManager: Shutting down and abandoning module MRMesh (146)
[2018.03.31-05.36.11:682][685]LogModuleManager: Shutting down and abandoning module Messaging (144)
[2018.03.31-05.36.11:682][685]LogModuleManager: Shutting down and abandoning module SourceCodeAccess (142)
[2018.03.31-05.36.11:682][685]LogModuleManager: Shutting down and abandoning module HeadMountedDisplay (140)
[2018.03.31-05.36.11:682][685]LogModuleManager: Shutting down and abandoning module XAudio2 (138)
[2018.03.31-05.36.11:682][685]LogModuleManager: Shutting down and abandoning module Networking (136)
[2018.03.31-05.36.11:682][685]LogModuleManager: Shutting down and abandoning module Core (134)
[2018.03.31-05.36.11:682][685]LogModuleManager: Shutting down and abandoning module LevelSequence (132)
[2018.03.31-05.36.11:682][685]LogModuleManager: Shutting down and abandoning module KismetCompiler (130)
[2018.03.31-05.36.11:682][685]LogModuleManager: Shutting down and abandoning module MeshUtilities (128)
[2018.03.31-05.36.11:682][685]LogModuleManager: Shutting down and abandoning module MeshMergeUtilities (127)
[2018.03.31-05.36.11:682][685]LogModuleManager: Shutting down and abandoning module MeshReductionInterface (126)
[2018.03.31-05.36.11:682][685]LogModuleManager: Shutting down and abandoning module SimplygonSwarm (125)
[2018.03.31-05.36.11:682][685]LogModuleManager: Shutting down and abandoning module SimplygonMeshReduction (123)
[2018.03.31-05.36.11:682][685]LogModuleManager: Shutting down and abandoning module QuadricMeshReduction (121)
[2018.03.31-05.36.11:682][685]LogModuleManager: Shutting down and abandoning module MaterialBaking (117)
[2018.03.31-05.36.11:682][685]LogModuleManager: Shutting down and abandoning module DerivedDataCache (112)
[2018.03.31-05.36.11:900][685]LogDerivedDataCache: Shutdown
[2018.03.31-05.36.11:900][685]LogModuleManager: Shutting down and abandoning module XGEController (110)
[2018.03.31-05.36.11:900][685]LogModuleManager: Shutting down and abandoning module TargetPlatform (108)
[2018.03.31-05.36.11:900][685]LogModuleManager: Shutting down and abandoning module VulkanShaderFormat (107)
[2018.03.31-05.36.11:900][685]LogModuleManager: Shutting down and abandoning module ShaderFormatVectorVM (105)
[2018.03.31-05.36.11:900][685]LogModuleManager: Shutting down and abandoning module ShaderFormatOpenGL (103)
[2018.03.31-05.36.11:900][685]LogModuleManager: Shutting down and abandoning module ShaderFormatD3D (101)
[2018.03.31-05.36.11:900][685]LogModuleManager: Shutting down and abandoning module MetalShaderFormat (99)
[2018.03.31-05.36.11:900][685]LogModuleManager: Shutting down and abandoning module TextureFormatUncompressed (97)
[2018.03.31-05.36.11:900][685]LogModuleManager: Shutting down and abandoning module TextureFormatPVR (95)
[2018.03.31-05.36.11:900][685]LogModuleManager: Shutting down and abandoning module TextureFormatDXT (93)
[2018.03.31-05.36.11:900][685]LogModuleManager: Shutting down and abandoning module TextureFormatIntelISPCTexComp (91)
[2018.03.31-05.36.11:900][685]LogModuleManager: Shutting down and abandoning module TextureFormatASTC (89)
[2018.03.31-05.36.11:900][685]LogModuleManager: Shutting down and abandoning module ImageWrapper (88)
[2018.03.31-05.36.11:900][685]LogModuleManager: Shutting down and abandoning module TextureFormatAndroid (85)
[2018.03.31-05.36.11:900][685]LogModuleManager: Shutting down and abandoning module AudioFormatOpus (83)
[2018.03.31-05.36.11:900][685]LogModuleManager: Shutting down and abandoning module AudioFormatOgg (81)
[2018.03.31-05.36.11:900][685]LogModuleManager: Shutting down and abandoning module AudioFormatADPCM (79)
[2018.03.31-05.36.11:900][685]LogModuleManager: Shutting down and abandoning module WindowsTargetPlatform (77)
[2018.03.31-05.36.11:900][685]LogModuleManager: Shutting down and abandoning module WindowsServerTargetPlatform (75)
[2018.03.31-05.36.11:900][685]LogModuleManager: Shutting down and abandoning module WindowsNoEditorTargetPlatform (73)
[2018.03.31-05.36.11:900][685]LogModuleManager: Shutting down and abandoning module WindowsClientTargetPlatform (71)
[2018.03.31-05.36.11:900][685]LogModuleManager: Shutting down and abandoning module InputCore (68)
[2018.03.31-05.36.11:900][685]LogModuleManager: Shutting down and abandoning module Settings (66)
[2018.03.31-05.36.11:900][685]LogModuleManager: Shutting down and abandoning module PhysXCooking (64)
[2018.03.31-05.36.11:900][685]LogModuleManager: Shutting down and abandoning module SteamVR (62)
[2018.03.31-05.36.11:900][685]LogModuleManager: Shutting down and abandoning module OculusHMD (60)
[2018.03.31-05.36.11:900][685]LogModuleManager: Shutting down and abandoning module ExampleDeviceProfileSelector (58)
[2018.03.31-05.36.11:900][685]LogModuleManager: Shutting down and abandoning module AppleARKit (56)
[2018.03.31-05.36.11:900][685]LogModuleManager: Shutting down and abandoning module AugmentedReality (55)
[2018.03.31-05.36.11:900][685]LogModuleManager: Shutting down and abandoning module OnlineBlueprintSupport (52)
[2018.03.31-05.36.11:900][685]LogModuleManager: Shutting down and abandoning module OnlineSubsystem (48)
[2018.03.31-05.36.11:900][685]LogOnline: Display: OSS: FOnlineSubsystemNull::Shutdown()
[2018.03.31-05.36.11:900][685]LogOnline: Display: OSS: FOnlineAsyncTaskManager::Stop() ActiveTask:0000000000000000 Tasks[0/0]
[2018.03.31-05.36.11:900][685]LogOnline: Display: OSS: FOnlineAsyncTaskManager::Exit() started
[2018.03.31-05.36.11:900][685]LogOnline: Display: OSS: FOnlineAsyncTaskManager::Exit() finished
[2018.03.31-05.36.11:900][685]LogModuleManager: Shutting down and abandoning module XMPP (43)
[2018.03.31-05.36.11:900][685]LogModuleManager: Shutting down and abandoning module HTTP (41)
[2018.03.31-05.36.11:927][685]LogModuleManager: Shutting down and abandoning module SSL (40)
[2018.03.31-05.36.11:928][685]LogModuleManager: Shutting down and abandoning module AnimationModifiers (36)
[2018.03.31-05.36.11:928][685]LogModuleManager: Shutting down and abandoning module PropertyEditor (35)
[2018.03.31-05.36.11:928][685]LogModuleManager: Shutting down and abandoning module AudioEditor (32)
[2018.03.31-05.36.11:928][685]LogModuleManager: Shutting down and abandoning module TextureCompressor (30)
[2018.03.31-05.36.11:928][685]LogModuleManager: Shutting down and abandoning module ShaderCore (28)
[2018.03.31-05.36.11:928][685]LogModuleManager: Shutting down and abandoning module Landscape (26)
[2018.03.31-05.36.11:928][685]LogModuleManager: Shutting down and abandoning module SlateRHIRenderer (24)
[2018.03.31-05.36.11:929][685]LogModuleManager: Shutting down and abandoning module OpenGLDrv (22)
[2018.03.31-05.36.11:929][685]LogModuleManager: Shutting down and abandoning module D3D11RHI (20)
[2018.03.31-05.36.11:929][685]LogModuleManager: Shutting down and abandoning module AnimGraphRuntime (18)
[2018.03.31-05.36.11:929][685]LogModuleManager: Shutting down and abandoning module Renderer (16)
[2018.03.31-05.36.11:929][685]LogModuleManager: Shutting down and abandoning module Engine (14)
[2018.03.31-05.36.11:929][685]LogModuleManager: Shutting down and abandoning module CoreUObject (12)
[2018.03.31-05.36.11:929][685]LogModuleManager: Shutting down and abandoning module NetworkFile (10)
[2018.03.31-05.36.11:929][685]LogModuleManager: Shutting down and abandoning module CookedIterativeFile (8)
[2018.03.31-05.36.11:929][685]LogModuleManager: Shutting down and abandoning module StreamingFile (6)
[2018.03.31-05.36.11:929][685]LogModuleManager: Shutting down and abandoning module SandboxFile (4)
[2018.03.31-05.36.11:929][685]LogModuleManager: Shutting down and abandoning module PakFile (2)
[2018.03.31-05.36.11:933][685]LogExit: Exiting.
[2018.03.31-05.36.11:933][685]Log file closed, 03/31/18 01:36:11
